2017-06-07 00:33:13.323+0000 WARN [o.n.i.p.PageCache] The dbms.memory.pagecache.size setting has not been configured. It is recommended that this setting is always explicitly configured, to ensure the system has a balanced configuration. Until then, a computed heuristic value of 779657216 bytes will be used instead. 
2017-06-07 00:33:13.511+0000 INFO [o.n.k.i.f.CommunityEditionModule] No locking implementation specified, defaulting to 'community'
2017-06-07 00:33:13.912+0000 INFO [o.n.k.AvailabilityGuard] Requirement makes database unavailable: Database available
2017-06-07 00:33:13.970+0000 INFO [o.n.k.i.DiagnosticsManager] --- INITIALIZED diagnostics START ---
2017-06-07 00:33:13.971+0000 INFO [o.n.k.i.DiagnosticsManager] Neo4j Kernel properties:
2017-06-07 00:33:13.971+0000 INFO [o.n.k.i.DiagnosticsManager] dbms.security.auth_enabled=true
2017-06-07 00:33:13.971+0000 INFO [o.n.k.i.DiagnosticsManager] dbms.directories.import=import
2017-06-07 00:33:13.971+0000 INFO [o.n.k.i.DiagnosticsManager] causal_clustering.raft_advertised_address=be2a354ba5f0:7000
2017-06-07 00:33:13.971+0000 INFO [o.n.k.i.DiagnosticsManager] dbms.memory.heap.initial_size=512M
2017-06-07 00:33:13.971+0000 INFO [o.n.k.i.DiagnosticsManager] ha.host.coordination=be2a354ba5f0:5001
2017-06-07 00:33:13.972+0000 INFO [o.n.k.i.DiagnosticsManager] dbms.jvm.additional=-Dunsupported.dbms.udc.source=tarball
2017-06-07 00:33:13.972+0000 INFO [o.n.k.i.DiagnosticsManager] dbms.tx_log.rotation.retention_policy=100M size
2017-06-07 00:33:13.972+0000 INFO [o.n.k.i.DiagnosticsManager] dbms.windows_service_name=neo4j
2017-06-07 00:33:13.972+0000 INFO [o.n.k.i.DiagnosticsManager] dbms.connector.bolt.listen_address=0.0.0.0:7687
2017-06-07 00:33:13.972+0000 INFO [o.n.k.i.DiagnosticsManager] dbms.connector.bolt.enabled=true
2017-06-07 00:33:13.972+0000 INFO [o.n.k.i.DiagnosticsManager] dbms.connector.http.enabled=true
2017-06-07 00:33:13.972+0000 INFO [o.n.k.i.DiagnosticsManager] causal_clustering.discovery_listen_address=0.0.0.0:5000
2017-06-07 00:33:13.972+0000 INFO [o.n.k.i.DiagnosticsManager] dbms.connector.bolt.type=BOLT
2017-06-07 00:33:13.972+0000 INFO [o.n.k.i.DiagnosticsManager] dbms.connector.http.listen_address=0.0.0.0:7474
2017-06-07 00:33:13.972+0000 INFO [o.n.k.i.DiagnosticsManager] unsupported.dbms.directories.neo4j_home=/var/lib/neo4j
2017-06-07 00:33:13.972+0000 INFO [o.n.k.i.DiagnosticsManager] causal_clustering.raft_listen_address=0.0.0.0:7000
2017-06-07 00:33:13.973+0000 INFO [o.n.k.i.DiagnosticsManager] dbms.connector.https.enabled=true
2017-06-07 00:33:13.973+0000 INFO [o.n.k.i.DiagnosticsManager] dbms.connector.http.type=HTTP
2017-06-07 00:33:13.973+0000 INFO [o.n.k.i.DiagnosticsManager] dbms.memory.heap.max_size=512M
2017-06-07 00:33:13.973+0000 INFO [o.n.k.i.DiagnosticsManager] dbms.connectors.default_listen_address=0.0.0.0
2017-06-07 00:33:13.973+0000 INFO [o.n.k.i.DiagnosticsManager] dbms.connector.https.listen_address=0.0.0.0:7473
2017-06-07 00:33:13.973+0000 INFO [o.n.k.i.DiagnosticsManager] causal_clustering.transaction_advertised_address=be2a354ba5f0:6000
2017-06-07 00:33:13.973+0000 INFO [o.n.k.i.DiagnosticsManager] causal_clustering.discovery_advertised_address=be2a354ba5f0:5000
2017-06-07 00:33:13.973+0000 INFO [o.n.k.i.DiagnosticsManager] dbms.connector.https.type=HTTP
2017-06-07 00:33:13.973+0000 INFO [o.n.k.i.DiagnosticsManager] ha.host.data=be2a354ba5f0:6001
2017-06-07 00:33:13.973+0000 INFO [o.n.k.i.DiagnosticsManager] unsupported.dbms.edition=community
2017-06-07 00:33:13.973+0000 INFO [o.n.k.i.DiagnosticsManager] dbms.directories.logs=/logs
2017-06-07 00:33:13.973+0000 INFO [o.n.k.i.DiagnosticsManager] causal_clustering.transaction_listen_address=0.0.0.0:6000
2017-06-07 00:33:13.974+0000 INFO [o.n.k.i.DiagnosticsManager] wrapper.java.additional=-Dneo4j.ext.udc.source=docker
2017-06-07 00:33:13.974+0000 INFO [o.n.k.i.DiagnosticsManager] Diagnostics providers:
2017-06-07 00:33:13.974+0000 INFO [o.n.k.i.DiagnosticsManager] org.neo4j.kernel.configuration.Config
2017-06-07 00:33:13.974+0000 INFO [o.n.k.i.DiagnosticsManager] org.neo4j.kernel.info.DiagnosticsManager
2017-06-07 00:33:13.974+0000 INFO [o.n.k.i.DiagnosticsManager] SYSTEM_MEMORY
2017-06-07 00:33:13.974+0000 INFO [o.n.k.i.DiagnosticsManager] JAVA_MEMORY
2017-06-07 00:33:13.974+0000 INFO [o.n.k.i.DiagnosticsManager] OPERATING_SYSTEM
2017-06-07 00:33:13.974+0000 INFO [o.n.k.i.DiagnosticsManager] JAVA_VIRTUAL_MACHINE
2017-06-07 00:33:13.974+0000 INFO [o.n.k.i.DiagnosticsManager] CLASSPATH
2017-06-07 00:33:13.974+0000 INFO [o.n.k.i.DiagnosticsManager] LIBRARY_PATH
2017-06-07 00:33:13.974+0000 INFO [o.n.k.i.DiagnosticsManager] SYSTEM_PROPERTIES
2017-06-07 00:33:13.974+0000 INFO [o.n.k.i.DiagnosticsManager] LINUX_SCHEDULERS
2017-06-07 00:33:13.974+0000 INFO [o.n.k.i.DiagnosticsManager] NETWORK
2017-06-07 00:33:13.975+0000 INFO [o.n.k.i.DiagnosticsManager] System memory information:
2017-06-07 00:33:13.980+0000 INFO [o.n.k.i.DiagnosticsManager] Total Physical memory: 1.95 GB
2017-06-07 00:33:13.980+0000 INFO [o.n.k.i.DiagnosticsManager] Free Physical memory: 568.26 MB
2017-06-07 00:33:13.980+0000 INFO [o.n.k.i.DiagnosticsManager] Committed virtual memory: 1.95 GB
2017-06-07 00:33:13.980+0000 INFO [o.n.k.i.DiagnosticsManager] Total swap space: 1024.00 MB
2017-06-07 00:33:13.981+0000 INFO [o.n.k.i.DiagnosticsManager] Free swap space: 1024.00 MB
2017-06-07 00:33:13.981+0000 INFO [o.n.k.i.DiagnosticsManager] JVM memory information:
2017-06-07 00:33:13.981+0000 INFO [o.n.k.i.DiagnosticsManager] Free  memory: 484.50 MB
2017-06-07 00:33:13.981+0000 INFO [o.n.k.i.DiagnosticsManager] Total memory: 512.00 MB
2017-06-07 00:33:13.981+0000 INFO [o.n.k.i.DiagnosticsManager] Max   memory: 512.00 MB
2017-06-07 00:33:13.991+0000 INFO [o.n.k.i.DiagnosticsManager] Garbage Collector: G1 Young Generation: [G1 Eden Space, G1 Survivor Space]
2017-06-07 00:33:13.991+0000 INFO [o.n.k.i.DiagnosticsManager] Garbage Collector: G1 Old Generation: [G1 Eden Space, G1 Survivor Space, G1 Old Gen]
2017-06-07 00:33:13.992+0000 INFO [o.n.k.i.DiagnosticsManager] Memory Pool: Code Cache (Non-heap memory): committed=5.69 MB, used=5.65 MB, max=240.00 MB, threshold=0.00 B
2017-06-07 00:33:13.993+0000 INFO [o.n.k.i.DiagnosticsManager] Memory Pool: Metaspace (Non-heap memory): committed=15.00 MB, used=14.24 MB, max=-1.00 B, threshold=0.00 B
2017-06-07 00:33:13.993+0000 INFO [o.n.k.i.DiagnosticsManager] Memory Pool: Compressed Class Space (Non-heap memory): committed=2.00 MB, used=1.75 MB, max=1.00 GB, threshold=0.00 B
2017-06-07 00:33:13.993+0000 INFO [o.n.k.i.DiagnosticsManager] Memory Pool: G1 Eden Space (Heap memory): committed=33.00 MB, used=15.00 MB, max=-1.00 B, threshold=?
2017-06-07 00:33:13.993+0000 INFO [o.n.k.i.DiagnosticsManager] Memory Pool: G1 Survivor Space (Heap memory): committed=4.00 MB, used=4.00 MB, max=-1.00 B, threshold=?
2017-06-07 00:33:13.994+0000 INFO [o.n.k.i.DiagnosticsManager] Memory Pool: G1 Old Gen (Heap memory): committed=475.00 MB, used=7.50 MB, max=512.00 MB, threshold=0.00 B
2017-06-07 00:33:13.994+0000 INFO [o.n.k.i.DiagnosticsManager] Operating system information:
2017-06-07 00:33:13.995+0000 INFO [o.n.k.i.DiagnosticsManager] Operating System: Linux; version: 4.9.13-moby; arch: amd64; cpus: 2
2017-06-07 00:33:13.995+0000 INFO [o.n.k.i.DiagnosticsManager] Max number of file descriptors: 1048576
2017-06-07 00:33:13.995+0000 INFO [o.n.k.i.DiagnosticsManager] Number of open file descriptors: 99
2017-06-07 00:33:14.002+0000 INFO [o.n.k.i.DiagnosticsManager] Process id: 1@be2a354ba5f0
2017-06-07 00:33:14.002+0000 INFO [o.n.k.i.DiagnosticsManager] Byte order: LITTLE_ENDIAN
2017-06-07 00:33:14.003+0000 INFO [o.n.k.i.DiagnosticsManager] Local timezone: GMT
2017-06-07 00:33:14.003+0000 INFO [o.n.k.i.DiagnosticsManager] JVM information:
2017-06-07 00:33:14.003+0000 INFO [o.n.k.i.DiagnosticsManager] VM Name: OpenJDK 64-Bit Server VM
2017-06-07 00:33:14.003+0000 INFO [o.n.k.i.DiagnosticsManager] VM Vendor: Oracle Corporation
2017-06-07 00:33:14.003+0000 INFO [o.n.k.i.DiagnosticsManager] VM Version: 25.131-b11
2017-06-07 00:33:14.004+0000 INFO [o.n.k.i.DiagnosticsManager] JIT compiler: HotSpot 64-Bit Tiered Compilers
2017-06-07 00:33:14.005+0000 INFO [o.n.k.i.DiagnosticsManager] VM Arguments: [-Xms512M, -Xmx512M, -XX:+UseG1GC, -XX:-OmitStackTraceInFastThrow, -XX:+AlwaysPreTouch, -XX:+UnlockExperimentalVMOptions, -XX:+TrustFinalNonStaticFields, -XX:+DisableExplicitGC, -Djdk.tls.ephemeralDHKeySize=2048, -Dunsupported.dbms.udc.source=tarball, -Dfile.encoding=UTF-8]
2017-06-07 00:33:14.006+0000 INFO [o.n.k.i.DiagnosticsManager] Java classpath:
2017-06-07 00:33:14.009+0000 INFO [o.n.k.i.DiagnosticsManager]  [classpath + loader.0] file:/var/lib/neo4j/lib/jetty-util-9.2.9.v20150224.jar
2017-06-07 00:33:14.010+0000 INFO [o.n.k.i.DiagnosticsManager]  [classpath + loader.0] file:/var/lib/neo4j/lib/neo4j-collections-3.2.1.jar
2017-06-07 00:33:14.011+0000 INFO [o.n.k.i.DiagnosticsManager]  [classpath + loader.0] file:/var/lib/neo4j/lib/neo4j-shell-3.2.1.jar
2017-06-07 00:33:14.011+0000 INFO [o.n.k.i.DiagnosticsManager]  [classpath + loader.0] file:/var/lib/neo4j/lib/jackson-core-asl-1.9.13.jar
2017-06-07 00:33:14.011+0000 INFO [o.n.k.i.DiagnosticsManager]  [loader.1] file:/usr/lib/jvm/java-1.8-openjdk/jre/lib/ext/jaccess.jar
2017-06-07 00:33:14.011+0000 INFO [o.n.k.i.DiagnosticsManager]  [classpath + loader.0] file:/var/lib/neo4j/lib/jetty-server-9.2.9.v20150224.jar
2017-06-07 00:33:14.011+0000 INFO [o.n.k.i.DiagnosticsManager]  [classpath + loader.0] file:/var/lib/neo4j/lib/neo4j-browser-3.0.4.jar
2017-06-07 00:33:14.011+0000 INFO [o.n.k.i.DiagnosticsManager]  [classpath + loader.0] file:/var/lib/neo4j/lib/scala-reflect-2.11.8.jar
2017-06-07 00:33:14.011+0000 INFO [o.n.k.i.DiagnosticsManager]  [classpath + loader.0] file:/var/lib/neo4j/lib/commons-io-2.4.jar
2017-06-07 00:33:14.011+0000 INFO [o.n.k.i.DiagnosticsManager]  [classpath + loader.0] file:/var/lib/neo4j/lib/concurrentlinkedhashmap-lru-1.4.2.jar
2017-06-07 00:33:14.011+0000 INFO [o.n.k.i.DiagnosticsManager]  [classpath + loader.0] file:/var/lib/neo4j/lib/neo4j-dbms-3.2.1.jar
2017-06-07 00:33:14.011+0000 INFO [o.n.k.i.DiagnosticsManager]  [classpath + loader.0] file:/var/lib/neo4j/lib/jetty-io-9.2.9.v20150224.jar
2017-06-07 00:33:14.011+0000 INFO [o.n.k.i.DiagnosticsManager]  [bootstrap] /usr/lib/jvm/java-1.8-openjdk/jre/lib/jce.jar
2017-06-07 00:33:14.011+0000 INFO [o.n.k.i.DiagnosticsManager]  [classpath + loader.0] file:/var/lib/neo4j/lib/neo4j-server-3.2.1.jar
2017-06-07 00:33:14.011+0000 INFO [o.n.k.i.DiagnosticsManager]  [classpath + loader.0] file:/var/lib/neo4j/lib/commons-beanutils-1.8.3.jar
2017-06-07 00:33:14.011+0000 INFO [o.n.k.i.DiagnosticsManager]  [classpath + loader.0] file:/var/lib/neo4j/lib/jersey-core-1.19.jar
2017-06-07 00:33:14.011+0000 INFO [o.n.k.i.DiagnosticsManager]  [classpath + loader.0] file:/var/lib/neo4j/lib/commons-configuration-1.10.jar
2017-06-07 00:33:14.011+0000 INFO [o.n.k.i.DiagnosticsManager]  [classpath + loader.0] file:/var/lib/neo4j/lib/neo4j-lucene-upgrade-3.2.1.jar
2017-06-07 00:33:14.011+0000 INFO [o.n.k.i.DiagnosticsManager]  [classpath + loader.0] file:/var/lib/neo4j/lib/netty-all-4.1.8.Final.jar
2017-06-07 00:33:14.011+0000 INFO [o.n.k.i.DiagnosticsManager]  [loader.1] file:/usr/lib/jvm/java-1.8-openjdk/jre/lib/ext/sunec.jar
2017-06-07 00:33:14.011+0000 INFO [o.n.k.i.DiagnosticsManager]  [classpath + loader.0] file:/var/lib/neo4j/lib/lucene-codecs-5.5.0.jar
2017-06-07 00:33:14.011+0000 INFO [o.n.k.i.DiagnosticsManager]  [bootstrap] /usr/lib/jvm/java-1.8-openjdk/jre/classes
2017-06-07 00:33:14.011+0000 INFO [o.n.k.i.DiagnosticsManager]  [classpath + loader.0] file:/var/lib/neo4j/lib/neo4j-graph-matching-3.1.3.jar
2017-06-07 00:33:14.011+0000 INFO [o.n.k.i.DiagnosticsManager]  [classpath + loader.0] file:/var/lib/neo4j/lib/neo4j-configuration-3.2.1.jar
2017-06-07 00:33:14.011+0000 INFO [o.n.k.i.DiagnosticsManager]  [classpath + loader.0] file:/var/lib/neo4j/lib/bcprov-jdk15on-1.53.jar
2017-06-07 00:33:14.012+0000 INFO [o.n.k.i.DiagnosticsManager]  [classpath + loader.0] file:/var/lib/neo4j/lib/neo4j-logging-3.2.1.jar
2017-06-07 00:33:14.012+0000 INFO [o.n.k.i.DiagnosticsManager]  [classpath + loader.0] file:/var/lib/neo4j/lib/javax.servlet-api-3.1.0.jar
2017-06-07 00:33:14.012+0000 INFO [o.n.k.i.DiagnosticsManager]  [classpath + loader.0] file:/var/lib/neo4j/lib/commons-digester-2.1.jar
2017-06-07 00:33:14.012+0000 INFO [o.n.k.i.DiagnosticsManager]  [bootstrap] /usr/lib/jvm/java-1.8-openjdk/jre/lib/rt.jar
2017-06-07 00:33:14.012+0000 INFO [o.n.k.i.DiagnosticsManager]  [loader.1] file:/usr/lib/jvm/java-1.8-openjdk/jre/lib/ext/localedata.jar
2017-06-07 00:33:14.012+0000 INFO [o.n.k.i.DiagnosticsManager]  [classpath + loader.0] file:/var/lib/neo4j/lib/neo4j-graph-algo-3.2.1.jar
2017-06-07 00:33:14.012+0000 INFO [o.n.k.i.DiagnosticsManager]  [classpath + loader.0] file:/var/lib/neo4j/lib/neo4j-index-3.2.1.jar
2017-06-07 00:33:14.012+0000 INFO [o.n.k.i.DiagnosticsManager]  [classpath + loader.0] file:/var/lib/neo4j/lib/neo4j-graphdb-api-3.2.1.jar
2017-06-07 00:33:14.012+0000 INFO [o.n.k.i.DiagnosticsManager]  [classpath + loader.0] file:/var/lib/neo4j/plugins/
2017-06-07 00:33:14.012+0000 INFO [o.n.k.i.DiagnosticsManager]  [classpath + loader.0] file:/var/lib/neo4j/lib/neo4j-command-line-3.2.1.jar
2017-06-07 00:33:14.012+0000 INFO [o.n.k.i.DiagnosticsManager]  [loader.1] file:/usr/lib/jvm/java-1.8-openjdk/jre/lib/ext/sunjce_provider.jar
2017-06-07 00:33:14.012+0000 INFO [o.n.k.i.DiagnosticsManager]  [classpath + loader.0] file:/var/lib/neo4j/lib/commons-lang-2.6.jar
2017-06-07 00:33:14.012+0000 INFO [o.n.k.i.DiagnosticsManager]  [classpath + loader.0] file:/var/lib/neo4j/lib/jetty-servlet-9.2.9.v20150224.jar
2017-06-07 00:33:14.012+0000 INFO [o.n.k.i.DiagnosticsManager]  [classpath + loader.0] file:/var/lib/neo4j/lib/rhino-1.7R4.jar
2017-06-07 00:33:14.012+0000 INFO [o.n.k.i.DiagnosticsManager]  [classpath + loader.0] file:/var/lib/neo4j/lib/jetty-http-9.2.9.v20150224.jar
2017-06-07 00:33:14.012+0000 INFO [o.n.k.i.DiagnosticsManager]  [classpath + loader.0] file:/var/lib/neo4j/lib/neo4j-io-3.2.1.jar
2017-06-07 00:33:14.012+0000 INFO [o.n.k.i.DiagnosticsManager]  [classpath + loader.0] file:/var/lib/neo4j/lib/commons-lang3-3.3.2.jar
2017-06-07 00:33:14.012+0000 INFO [o.n.k.i.DiagnosticsManager]  [loader.1] file:/usr/lib/jvm/java-1.8-openjdk/jre/lib/ext/nashorn.jar
2017-06-07 00:33:14.012+0000 INFO [o.n.k.i.DiagnosticsManager]  [classpath + loader.0] file:/var/lib/neo4j/lib/lucene-queryparser-5.5.0.jar
2017-06-07 00:33:14.012+0000 INFO [o.n.k.i.DiagnosticsManager]  [classpath + loader.0] file:/var/lib/neo4j/lib/scala-library-2.11.8.jar
2017-06-07 00:33:14.012+0000 INFO [o.n.k.i.DiagnosticsManager]  [classpath + loader.0] file:/var/lib/neo4j/lib/jetty-security-9.2.9.v20150224.jar
2017-06-07 00:33:14.012+0000 INFO [o.n.k.i.DiagnosticsManager]  [loader.1] file:/usr/lib/jvm/java-1.8-openjdk/jre/lib/ext/dnsns.jar
2017-06-07 00:33:14.013+0000 INFO [o.n.k.i.DiagnosticsManager]  [classpath + loader.0] file:/var/lib/neo4j/lib/neo4j-cypher-compiler-2.3-2.3.10.jar
2017-06-07 00:33:14.013+0000 INFO [o.n.k.i.DiagnosticsManager]  [bootstrap] /usr/lib/jvm/java-1.8-openjdk/jre/lib/jfr.jar
2017-06-07 00:33:14.013+0000 INFO [o.n.k.i.DiagnosticsManager]  [classpath + loader.0] file:/var/lib/neo4j/lib/neo4j-codegen-3.2.1.jar
2017-06-07 00:33:14.013+0000 INFO [o.n.k.i.DiagnosticsManager]  [classpath + loader.0] file:/var/lib/neo4j/lib/jline-2.12.jar
2017-06-07 00:33:14.013+0000 INFO [o.n.k.i.DiagnosticsManager]  [classpath + loader.0] file:/var/lib/neo4j/lib/jersey-server-1.19.jar
2017-06-07 00:33:14.013+0000 INFO [o.n.k.i.DiagnosticsManager]  [classpath + loader.0] file:/var/lib/neo4j/lib/asm-5.2.jar
2017-06-07 00:33:14.013+0000 INFO [o.n.k.i.DiagnosticsManager]  [classpath + loader.0] file:/var/lib/neo4j/lib/neo4j-bolt-3.2.1.jar
2017-06-07 00:33:14.013+0000 INFO [o.n.k.i.DiagnosticsManager]  [classpath + loader.0] file:/var/lib/neo4j/conf/
2017-06-07 00:33:14.013+0000 INFO [o.n.k.i.DiagnosticsManager]  [loader.1] file:/usr/lib/jvm/java-1.8-openjdk/jre/lib/ext/sunpkcs11.jar
2017-06-07 00:33:14.013+0000 INFO [o.n.k.i.DiagnosticsManager]  [classpath + loader.0] file:/var/lib/neo4j/lib/neo4j-unsafe-3.2.1.jar
2017-06-07 00:33:14.013+0000 INFO [o.n.k.i.DiagnosticsManager]  [classpath + loader.0] file:/var/lib/neo4j/lib/server-api-3.2.1.jar
2017-06-07 00:33:14.013+0000 INFO [o.n.k.i.DiagnosticsManager]  [classpath + loader.0] file:/var/lib/neo4j/lib/bcpkix-jdk15on-1.53.jar
2017-06-07 00:33:14.013+0000 INFO [o.n.k.i.DiagnosticsManager]  [classpath + loader.0] file:/var/lib/neo4j/lib/commons-compress-1.12.jar
2017-06-07 00:33:14.013+0000 INFO [o.n.k.i.DiagnosticsManager]  [classpath + loader.0] file:/var/lib/neo4j/lib/opencsv-2.3.jar
2017-06-07 00:33:14.013+0000 INFO [o.n.k.i.DiagnosticsManager]  [classpath + loader.0] file:/var/lib/neo4j/lib/neo4j-cypher-3.2.1.jar
2017-06-07 00:33:14.014+0000 INFO [o.n.k.i.DiagnosticsManager]  [classpath + loader.0] file:/var/lib/neo4j/lib/neo4j-kernel-3.2.1.jar
2017-06-07 00:33:14.014+0000 INFO [o.n.k.i.DiagnosticsManager]  [classpath + loader.0] file:/var/lib/neo4j/lib/parboiled-scala_2.11-1.1.7.jar
2017-06-07 00:33:14.014+0000 INFO [o.n.k.i.DiagnosticsManager]  [classpath + loader.0] file:/var/lib/neo4j/lib/jersey-servlet-1.19.jar
2017-06-07 00:33:14.014+0000 INFO [o.n.k.i.DiagnosticsManager]  [classpath + loader.0] file:/var/lib/neo4j/lib/caffeine-2.3.3.jar
2017-06-07 00:33:14.014+0000 INFO [o.n.k.i.DiagnosticsManager]  [classpath + loader.0] file:/var/lib/neo4j/lib/neo4j-cypher-ir-3.2-3.2.1.jar
2017-06-07 00:33:14.014+0000 INFO [o.n.k.i.DiagnosticsManager]  [classpath + loader.0] file:/var/lib/neo4j/lib/lucene-analyzers-common-5.5.0.jar
2017-06-07 00:33:14.015+0000 INFO [o.n.k.i.DiagnosticsManager]  [classpath + loader.0] file:/var/lib/neo4j/lib/neo4j-primitive-collections-3.2.1.jar
2017-06-07 00:33:14.015+0000 INFO [o.n.k.i.DiagnosticsManager]  [classpath + loader.0] file:/var/lib/neo4j/lib/lucene-core-5.5.0.jar
2017-06-07 00:33:14.015+0000 INFO [o.n.k.i.DiagnosticsManager]  [classpath + loader.0] file:/var/lib/neo4j/lib/neo4j-common-3.2.1.jar
2017-06-07 00:33:14.015+0000 INFO [o.n.k.i.DiagnosticsManager]  [bootstrap] /usr/lib/jvm/java-1.8-openjdk/jre/lib/resources.jar
2017-06-07 00:33:14.015+0000 INFO [o.n.k.i.DiagnosticsManager]  [bootstrap] /usr/lib/jvm/java-1.8-openjdk/jre/lib/charsets.jar
2017-06-07 00:33:14.015+0000 INFO [o.n.k.i.DiagnosticsManager]  [classpath + loader.0] file:/var/lib/neo4j/lib/neo4j-csv-3.2.1.jar
2017-06-07 00:33:14.015+0000 INFO [o.n.k.i.DiagnosticsManager]  [classpath + loader.0] file:/var/lib/neo4j/lib/jetty-webapp-9.2.9.v20150224.jar
2017-06-07 00:33:14.015+0000 INFO [o.n.k.i.DiagnosticsManager]  [classpath + loader.0] file:/var/lib/neo4j/lib/neo4j-security-3.2.1.jar
2017-06-07 00:33:14.015+0000 INFO [o.n.k.i.DiagnosticsManager]  [classpath + loader.0] file:/var/lib/neo4j/lib/jackson-mapper-asl-1.9.13.jar
2017-06-07 00:33:14.015+0000 INFO [o.n.k.i.DiagnosticsManager]  [classpath + loader.0] file:/var/lib/neo4j/lib/neo4j-import-tool-3.2.1.jar
2017-06-07 00:33:14.015+0000 INFO [o.n.k.i.DiagnosticsManager]  [classpath + loader.0] file:/var/lib/neo4j/lib/neo4j-cypher-compiler-3.1-3.1.4.jar
2017-06-07 00:33:14.015+0000 INFO [o.n.k.i.DiagnosticsManager]  [classpath + loader.0] file:/var/lib/neo4j/lib/jetty-xml-9.2.9.v20150224.jar
2017-06-07 00:33:14.015+0000 INFO [o.n.k.i.DiagnosticsManager]  [classpath + loader.0] file:/var/lib/neo4j/lib/jackson-jaxrs-1.9.13.jar
2017-06-07 00:33:14.015+0000 INFO [o.n.k.i.DiagnosticsManager]  [loader.1] file:/usr/lib/jvm/java-1.8-openjdk/jre/lib/ext/zipfs.jar
2017-06-07 00:33:14.016+0000 INFO [o.n.k.i.DiagnosticsManager]  [classpath + loader.0] file:/var/lib/neo4j/lib/neo4j-cypher-frontend-3.2-3.2.1.jar
2017-06-07 00:33:14.016+0000 INFO [o.n.k.i.DiagnosticsManager]  [classpath + loader.0] file:/var/lib/neo4j/plugins/*
2017-06-07 00:33:14.016+0000 INFO [o.n.k.i.DiagnosticsManager]  [classpath + loader.0] file:/var/lib/neo4j/lib/neo4j-cypher-frontend-2.3-2.3.10.jar
2017-06-07 00:33:14.016+0000 INFO [o.n.k.i.DiagnosticsManager]  [loader.1] file:/usr/lib/jvm/java-1.8-openjdk/jre/lib/ext/cldrdata.jar
2017-06-07 00:33:14.016+0000 INFO [o.n.k.i.DiagnosticsManager]  [classpath + loader.0] file:/var/lib/neo4j/lib/jsr311-api-1.1.2.r612.jar
2017-06-07 00:33:14.016+0000 INFO [o.n.k.i.DiagnosticsManager]  [classpath + loader.0] file:/var/lib/neo4j/lib/jersey-multipart-1.19.jar
2017-06-07 00:33:14.016+0000 INFO [o.n.k.i.DiagnosticsManager]  [classpath + loader.0] file:/var/lib/neo4j/lib/neo4j-consistency-check-3.2.1.jar
2017-06-07 00:33:14.016+0000 INFO [o.n.k.i.DiagnosticsManager]  [classpath + loader.0] file:/var/lib/neo4j/lib/neo4j-udc-3.2.1.jar
2017-06-07 00:33:14.016+0000 INFO [o.n.k.i.DiagnosticsManager]  [bootstrap] /usr/lib/jvm/java-1.8-openjdk/jre/lib/jsse.jar
2017-06-07 00:33:14.016+0000 INFO [o.n.k.i.DiagnosticsManager]  [bootstrap] /usr/lib/jvm/java-1.8-openjdk/jre/lib/sunrsasign.jar
2017-06-07 00:33:14.016+0000 INFO [o.n.k.i.DiagnosticsManager]  [classpath + loader.0] file:/var/lib/neo4j/lib/neo4j-jmx-3.2.1.jar
2017-06-07 00:33:14.016+0000 INFO [o.n.k.i.DiagnosticsManager]  [classpath + loader.0] file:/var/lib/neo4j/lib/neo4j-cypher-compiler-3.2-3.2.1.jar
2017-06-07 00:33:14.016+0000 INFO [o.n.k.i.DiagnosticsManager]  [classpath + loader.0] file:/var/lib/neo4j/lib/neo4j-resource-3.2.1.jar
2017-06-07 00:33:14.016+0000 INFO [o.n.k.i.DiagnosticsManager]  [classpath + loader.0] file:/var/lib/neo4j/lib/neo4j-cypher-frontend-3.1-3.1.4.jar
2017-06-07 00:33:14.016+0000 INFO [o.n.k.i.DiagnosticsManager]  [classpath + loader.0] file:/var/lib/neo4j/lib/commons-logging-1.1.1.jar
2017-06-07 00:33:14.016+0000 INFO [o.n.k.i.DiagnosticsManager]  [classpath + loader.0] file:/var/lib/neo4j/lib/neo4j-lucene-index-3.2.1.jar
2017-06-07 00:33:14.016+0000 INFO [o.n.k.i.DiagnosticsManager]  [classpath + loader.0] file:/var/lib/neo4j/lib/parboiled-core-1.1.7.jar
2017-06-07 00:33:14.016+0000 INFO [o.n.k.i.DiagnosticsManager]  [classpath + loader.0] file:/var/lib/neo4j/lib/mimepull-1.9.3.jar
2017-06-07 00:33:14.016+0000 INFO [o.n.k.i.DiagnosticsManager] Library path:
2017-06-07 00:33:14.016+0000 INFO [o.n.k.i.DiagnosticsManager] /usr/lib/jvm/java-1.8-openjdk/jre/lib/amd64/server
2017-06-07 00:33:14.016+0000 INFO [o.n.k.i.DiagnosticsManager] /usr/lib/jvm/java-1.8-openjdk/jre/lib/amd64
2017-06-07 00:33:14.017+0000 INFO [o.n.k.i.DiagnosticsManager] /usr/lib/jvm/java-1.8-openjdk/lib/amd64
2017-06-07 00:33:14.017+0000 INFO [o.n.k.i.DiagnosticsManager] /usr/java/packages/lib/amd64
2017-06-07 00:33:14.017+0000 INFO [o.n.k.i.DiagnosticsManager] /usr/lib64
2017-06-07 00:33:14.017+0000 INFO [o.n.k.i.DiagnosticsManager] /lib64
2017-06-07 00:33:14.017+0000 INFO [o.n.k.i.DiagnosticsManager] /lib
2017-06-07 00:33:14.017+0000 INFO [o.n.k.i.DiagnosticsManager] /usr/lib
2017-06-07 00:33:14.017+0000 INFO [o.n.k.i.DiagnosticsManager] System.properties:
2017-06-07 00:33:14.018+0000 INFO [o.n.k.i.DiagnosticsManager] sun.boot.library.path = /usr/lib/jvm/java-1.8-openjdk/jre/lib/amd64
2017-06-07 00:33:14.018+0000 INFO [o.n.k.i.DiagnosticsManager] path.separator = :
2017-06-07 00:33:14.018+0000 INFO [o.n.k.i.DiagnosticsManager] file.encoding.pkg = sun.io
2017-06-07 00:33:14.018+0000 INFO [o.n.k.i.DiagnosticsManager] user.country = US
2017-06-07 00:33:14.018+0000 INFO [o.n.k.i.DiagnosticsManager] sun.java.launcher = SUN_STANDARD
2017-06-07 00:33:14.018+0000 INFO [o.n.k.i.DiagnosticsManager] sun.os.patch.level = unknown
2017-06-07 00:33:14.018+0000 INFO [o.n.k.i.DiagnosticsManager] user.dir = /var/lib/neo4j
2017-06-07 00:33:14.018+0000 INFO [o.n.k.i.DiagnosticsManager] sun.jnu.encoding = UTF-8
2017-06-07 00:33:14.018+0000 INFO [o.n.k.i.DiagnosticsManager] unsupported.dbms.udc.source = tarball
2017-06-07 00:33:14.018+0000 INFO [o.n.k.i.DiagnosticsManager] sun.management.compiler = HotSpot 64-Bit Tiered Compilers
2017-06-07 00:33:14.018+0000 INFO [o.n.k.i.DiagnosticsManager] user.home = /root
2017-06-07 00:33:14.018+0000 INFO [o.n.k.i.DiagnosticsManager] user.timezone = GMT
2017-06-07 00:33:14.018+0000 INFO [o.n.k.i.DiagnosticsManager] file.encoding = UTF-8
2017-06-07 00:33:14.018+0000 INFO [o.n.k.i.DiagnosticsManager] user.name = root
2017-06-07 00:33:14.018+0000 INFO [o.n.k.i.DiagnosticsManager] sun.java.command = org.neo4j.server.CommunityEntryPoint --home-dir=/var/lib/neo4j --config-dir=/var/lib/neo4j/conf
2017-06-07 00:33:14.018+0000 INFO [o.n.k.i.DiagnosticsManager] sun.arch.data.model = 64
2017-06-07 00:33:14.018+0000 INFO [o.n.k.i.DiagnosticsManager] user.language = en
2017-06-07 00:33:14.018+0000 INFO [o.n.k.i.DiagnosticsManager] awt.toolkit = sun.awt.X11.XToolkit
2017-06-07 00:33:14.018+0000 INFO [o.n.k.i.DiagnosticsManager] jdk.tls.ephemeralDHKeySize = 2048
2017-06-07 00:33:14.018+0000 INFO [o.n.k.i.DiagnosticsManager] file.separator = /
2017-06-07 00:33:14.018+0000 INFO [o.n.k.i.DiagnosticsManager] sun.io.unicode.encoding = UnicodeLittle
2017-06-07 00:33:14.018+0000 INFO [o.n.k.i.DiagnosticsManager] sun.cpu.endian = little
2017-06-07 00:33:14.019+0000 INFO [o.n.k.i.DiagnosticsManager] sun.cpu.isalist = 
2017-06-07 00:33:14.019+0000 INFO [o.n.k.i.DiagnosticsManager] Linux scheduler information:
2017-06-07 00:33:14.048+0000 INFO [o.n.k.i.DiagnosticsManager] none
2017-06-07 00:33:14.049+0000 INFO [o.n.k.i.DiagnosticsManager] none
2017-06-07 00:33:14.049+0000 INFO [o.n.k.i.DiagnosticsManager] none
2017-06-07 00:33:14.050+0000 INFO [o.n.k.i.DiagnosticsManager] none
2017-06-07 00:33:14.050+0000 INFO [o.n.k.i.DiagnosticsManager] none
2017-06-07 00:33:14.051+0000 INFO [o.n.k.i.DiagnosticsManager] none
2017-06-07 00:33:14.052+0000 INFO [o.n.k.i.DiagnosticsManager] none
2017-06-07 00:33:14.052+0000 INFO [o.n.k.i.DiagnosticsManager] none
2017-06-07 00:33:14.053+0000 INFO [o.n.k.i.DiagnosticsManager] none
2017-06-07 00:33:14.059+0000 INFO [o.n.k.i.DiagnosticsManager] none
2017-06-07 00:33:14.060+0000 INFO [o.n.k.i.DiagnosticsManager] none
2017-06-07 00:33:14.060+0000 INFO [o.n.k.i.DiagnosticsManager] none
2017-06-07 00:33:14.061+0000 INFO [o.n.k.i.DiagnosticsManager] none
2017-06-07 00:33:14.061+0000 INFO [o.n.k.i.DiagnosticsManager] none
2017-06-07 00:33:14.061+0000 INFO [o.n.k.i.DiagnosticsManager] none
2017-06-07 00:33:14.061+0000 INFO [o.n.k.i.DiagnosticsManager] none
2017-06-07 00:33:14.062+0000 INFO [o.n.k.i.DiagnosticsManager] none
2017-06-07 00:33:14.062+0000 INFO [o.n.k.i.DiagnosticsManager] none
2017-06-07 00:33:14.062+0000 INFO [o.n.k.i.DiagnosticsManager] none
2017-06-07 00:33:14.062+0000 INFO [o.n.k.i.DiagnosticsManager] none
2017-06-07 00:33:14.063+0000 INFO [o.n.k.i.DiagnosticsManager] none
2017-06-07 00:33:14.063+0000 INFO [o.n.k.i.DiagnosticsManager] none
2017-06-07 00:33:14.063+0000 INFO [o.n.k.i.DiagnosticsManager] none
2017-06-07 00:33:14.063+0000 INFO [o.n.k.i.DiagnosticsManager] none
2017-06-07 00:33:14.063+0000 INFO [o.n.k.i.DiagnosticsManager] none
2017-06-07 00:33:14.064+0000 INFO [o.n.k.i.DiagnosticsManager] Network information:
2017-06-07 00:33:14.067+0000 INFO [o.n.k.i.DiagnosticsManager] Interface eth0:
2017-06-07 00:33:14.068+0000 INFO [o.n.k.i.DiagnosticsManager]     address: fe80:0:0:0:42:acff:fe13:2%eth0
2017-06-07 00:33:14.068+0000 INFO [o.n.k.i.DiagnosticsManager]     address: 172.19.0.2
2017-06-07 00:33:14.068+0000 INFO [o.n.k.i.DiagnosticsManager] Interface lo:
2017-06-07 00:33:14.068+0000 INFO [o.n.k.i.DiagnosticsManager]     address: 0:0:0:0:0:0:0:1%lo
2017-06-07 00:33:14.069+0000 INFO [o.n.k.i.DiagnosticsManager]     address: 127.0.0.1
2017-06-07 00:33:14.072+0000 INFO [o.n.k.i.DiagnosticsManager] --- INITIALIZED diagnostics END ---
2017-06-07 00:33:14.994+0000 INFO [o.n.b.v.r.WorkerFactory] Bolt Server extension loaded.
2017-06-07 00:33:14.999+0000 INFO [o.n.b.v.r.WorkerFactory] Bolt enabled on 0.0.0.0:7687.
2017-06-07 00:33:15.407+0000 INFO [o.n.k.i.s.f.RecordFormatSelector] Selected format 'RecordFormat:StandardV3_2[v0.A.8]' for the new store
2017-06-07 00:33:16.651+0000 INFO [o.n.k.i.a.i.IndexingService] IndexingService.init: indexes not specifically mentioned above are null
2017-06-07 00:33:16.659+0000 INFO [o.n.k.i.i.l.NativeLabelScanStore] No scan store found, this might just be first use. Preparing to rebuild.
2017-06-07 00:33:16.721+0000 INFO [o.n.k.NeoStoreDataSource] Opened logical log [/var/lib/neo4j/data/databases/graph.db/neostore.transaction.db.0] version=0, lastTxId=1 (clean)
2017-06-07 00:33:16.736+0000 INFO [o.n.k.NeoStoreDataSource] No commits found after last check point (which is at <no log position given>)
2017-06-07 00:33:16.755+0000 WARN [o.n.k.i.s.MetaDataStore] Missing counts store, rebuilding it.
2017-06-07 00:33:16.901+0000 WARN [o.n.k.i.s.MetaDataStore] Counts store rebuild completed.
2017-06-07 00:33:16.946+0000 INFO [o.n.k.i.a.i.IndexingService] IndexingService.start: indexes not specifically mentioned above are null
2017-06-07 00:33:16.951+0000 INFO [o.n.k.i.i.l.NativeLabelScanStore] Rebuilding scan store, this may take a while
2017-06-07 00:33:16.978+0000 INFO [o.n.k.i.i.l.NativeLabelScanStore] Scan store rebuilt (roughly 0 nodes)
2017-06-07 00:33:16.999+0000 INFO [o.n.k.i.DatabaseHealth] Database health set to OK
2017-06-07 00:33:18.228+0000 WARN [io.netty.util.internal.MacAddressUtil] Failed to find a usable hardware address from the network interfaces; using random bytes: 3a:5b:1d:f3:c2:7a:74:c3
2017-06-07 00:33:18.348+0000 INFO [o.n.k.AvailabilityGuard] Fulfilling of requirement makes database available: Database available
2017-06-07 00:33:18.352+0000 INFO [o.n.k.i.f.GraphDatabaseFacadeFactory] Database is now ready
2017-06-07 00:33:18.356+0000 INFO [o.n.k.i.DiagnosticsManager] --- STARTED diagnostics for KernelDiagnostics:Versions START ---
2017-06-07 00:33:18.359+0000 INFO [o.n.k.i.DiagnosticsManager] Graph Database: community single StoreId{creationTime=1496795596281, randomId=-7266233075742562021, storeVersion=15813456178476550, upgradeTime=1496795596281, upgradeId=1}
2017-06-07 00:33:18.361+0000 INFO [o.n.k.i.DiagnosticsManager] Kernel version: 3.2.1,6bfaef081803fd1f82534da6a49efdec251eabe5
2017-06-07 00:33:18.363+0000 INFO [o.n.k.i.DiagnosticsManager] --- STARTED diagnostics for KernelDiagnostics:Versions END ---
2017-06-07 00:33:18.370+0000 INFO [o.n.k.i.DiagnosticsManager] --- STARTED diagnostics for NEO_STORE_VERSIONS START ---
2017-06-07 00:33:18.372+0000 INFO [o.n.k.i.DiagnosticsManager] Store versions:
2017-06-07 00:33:18.374+0000 INFO [o.n.k.i.DiagnosticsManager] Store versions:
2017-06-07 00:33:18.376+0000 INFO [o.n.k.i.DiagnosticsManager]   ArrayPropertyStore v0.A.8
2017-06-07 00:33:18.378+0000 INFO [o.n.k.i.DiagnosticsManager]   NodeStore v0.A.8
2017-06-07 00:33:18.380+0000 INFO [o.n.k.i.DiagnosticsManager]   StringPropertyStore v0.A.8
2017-06-07 00:33:18.382+0000 INFO [o.n.k.i.DiagnosticsManager]   PropertyIndexStore v0.A.8
2017-06-07 00:33:18.383+0000 INFO [o.n.k.i.DiagnosticsManager]   StringPropertyStore v0.A.8
2017-06-07 00:33:18.385+0000 INFO [o.n.k.i.DiagnosticsManager]   ArrayPropertyStore v0.A.8
2017-06-07 00:33:18.387+0000 INFO [o.n.k.i.DiagnosticsManager]   PropertyStore v0.A.8
2017-06-07 00:33:18.389+0000 INFO [o.n.k.i.DiagnosticsManager]   RelationshipStore v0.A.8
2017-06-07 00:33:18.391+0000 INFO [o.n.k.i.DiagnosticsManager]   StringPropertyStore v0.A.8
2017-06-07 00:33:18.393+0000 INFO [o.n.k.i.DiagnosticsManager]   RelationshipTypeStore v0.A.8
2017-06-07 00:33:18.395+0000 INFO [o.n.k.i.DiagnosticsManager]   StringPropertyStore v0.A.8
2017-06-07 00:33:18.397+0000 INFO [o.n.k.i.DiagnosticsManager]   LabelTokenStore v0.A.8
2017-06-07 00:33:18.400+0000 INFO [o.n.k.i.DiagnosticsManager]   SchemaStore v0.A.8
2017-06-07 00:33:18.402+0000 INFO [o.n.k.i.DiagnosticsManager]   RelationshipGroupStore v0.A.8
2017-06-07 00:33:18.404+0000 INFO [o.n.k.i.DiagnosticsManager]   NeoStore v0.A.8
2017-06-07 00:33:18.406+0000 INFO [o.n.k.i.DiagnosticsManager] --- STARTED diagnostics for NEO_STORE_VERSIONS END ---
2017-06-07 00:33:18.408+0000 INFO [o.n.k.i.DiagnosticsManager] --- STARTED diagnostics for NEO_STORE_ID_USAGE START ---
2017-06-07 00:33:18.410+0000 INFO [o.n.k.i.DiagnosticsManager] Id usage:
2017-06-07 00:33:18.412+0000 INFO [o.n.k.i.DiagnosticsManager] Id usage:
2017-06-07 00:33:18.415+0000 INFO [o.n.k.i.DiagnosticsManager]   ArrayPropertyStore: used=1 high=0
2017-06-07 00:33:18.417+0000 INFO [o.n.k.i.DiagnosticsManager]   NodeStore: used=0 high=-1
2017-06-07 00:33:18.420+0000 INFO [o.n.k.i.DiagnosticsManager]   StringPropertyStore: used=1 high=0
2017-06-07 00:33:18.422+0000 INFO [o.n.k.i.DiagnosticsManager]   PropertyIndexStore: used=0 high=-1
2017-06-07 00:33:18.423+0000 INFO [o.n.k.i.DiagnosticsManager]   StringPropertyStore: used=1 high=0
2017-06-07 00:33:18.426+0000 INFO [o.n.k.i.DiagnosticsManager]   ArrayPropertyStore: used=1 high=0
2017-06-07 00:33:18.428+0000 INFO [o.n.k.i.DiagnosticsManager]   PropertyStore: used=0 high=-1
2017-06-07 00:33:18.429+0000 INFO [o.n.k.i.DiagnosticsManager]   RelationshipStore: used=0 high=-1
2017-06-07 00:33:18.431+0000 INFO [o.n.k.i.DiagnosticsManager]   StringPropertyStore: used=1 high=0
2017-06-07 00:33:18.433+0000 INFO [o.n.k.i.DiagnosticsManager]   RelationshipTypeStore: used=0 high=-1
2017-06-07 00:33:18.435+0000 INFO [o.n.k.i.DiagnosticsManager]   StringPropertyStore: used=1 high=0
2017-06-07 00:33:18.437+0000 INFO [o.n.k.i.DiagnosticsManager]   LabelTokenStore: used=0 high=-1
2017-06-07 00:33:18.440+0000 INFO [o.n.k.i.DiagnosticsManager]   SchemaStore: used=1 high=0
2017-06-07 00:33:18.441+0000 INFO [o.n.k.i.DiagnosticsManager]   RelationshipGroupStore: used=1 high=0
2017-06-07 00:33:18.443+0000 INFO [o.n.k.i.DiagnosticsManager]   NeoStore: used=15 high=14
2017-06-07 00:33:18.445+0000 INFO [o.n.k.i.DiagnosticsManager] --- STARTED diagnostics for NEO_STORE_ID_USAGE END ---
2017-06-07 00:33:18.447+0000 INFO [o.n.k.i.DiagnosticsManager] --- STARTED diagnostics for NEO_STORE_RECORDS START ---
2017-06-07 00:33:18.450+0000 INFO [o.n.k.i.DiagnosticsManager] Neostore records:
2017-06-07 00:33:18.453+0000 INFO [o.n.k.i.DiagnosticsManager] TIME (Creation time): 1496795596281
2017-06-07 00:33:18.455+0000 INFO [o.n.k.i.DiagnosticsManager] RANDOM_NUMBER (Random number for store id): -7266233075742562021
2017-06-07 00:33:18.459+0000 INFO [o.n.k.i.DiagnosticsManager] LOG_VERSION (Current log version): 0
2017-06-07 00:33:18.461+0000 INFO [o.n.k.i.DiagnosticsManager] LAST_TRANSACTION_ID (Last committed transaction): 1
2017-06-07 00:33:18.464+0000 INFO [o.n.k.i.DiagnosticsManager] STORE_VERSION (Store format version): 15813456178476550
2017-06-07 00:33:18.466+0000 INFO [o.n.k.i.DiagnosticsManager] FIRST_GRAPH_PROPERTY (First property record containing graph properties): -1
2017-06-07 00:33:18.469+0000 INFO [o.n.k.i.DiagnosticsManager] LAST_CONSTRAINT_TRANSACTION (Last committed transaction containing constraint changes): 0
2017-06-07 00:33:18.471+0000 INFO [o.n.k.i.DiagnosticsManager] UPGRADE_TRANSACTION_ID (Transaction id most recent upgrade was performed at): 1
2017-06-07 00:33:18.481+0000 INFO [o.n.k.i.DiagnosticsManager] UPGRADE_TIME (Time of last upgrade): 1496795596281
2017-06-07 00:33:18.483+0000 INFO [o.n.k.i.DiagnosticsManager] LAST_TRANSACTION_CHECKSUM (Checksum of last committed transaction): 0
2017-06-07 00:33:18.487+0000 INFO [o.n.k.i.DiagnosticsManager] UPGRADE_TRANSACTION_CHECKSUM (Checksum of transaction id the most recent upgrade was performed at): 0
2017-06-07 00:33:18.489+0000 INFO [o.n.k.i.DiagnosticsManager] LAST_CLOSED_TRANSACTION_LOG_VERSION (Log version where the last transaction commit entry has been written into): 0
2017-06-07 00:33:18.491+0000 INFO [o.n.k.i.DiagnosticsManager] LAST_CLOSED_TRANSACTION_LOG_BYTE_OFFSET (Byte offset in the log file where the last transaction commit entry has been written into): 16
2017-06-07 00:33:18.494+0000 INFO [o.n.k.i.DiagnosticsManager] LAST_TRANSACTION_COMMIT_TIMESTAMP (Commit time timestamp for last committed transaction): 0
2017-06-07 00:33:18.496+0000 INFO [o.n.k.i.DiagnosticsManager] UPGRADE_TRANSACTION_COMMIT_TIMESTAMP (Commit timestamp of transaction the most recent upgrade was performed at): 0
2017-06-07 00:33:18.498+0000 INFO [o.n.k.i.DiagnosticsManager] --- STARTED diagnostics for NEO_STORE_RECORDS END ---
2017-06-07 00:33:18.503+0000 INFO [o.n.k.i.DiagnosticsManager] --- STARTED diagnostics for TRANSACTION_RANGE START ---
2017-06-07 00:33:18.505+0000 INFO [o.n.k.i.DiagnosticsManager] Transaction log:
2017-06-07 00:33:18.516+0000 INFO [o.n.k.i.DiagnosticsManager] No transactions found in any log
2017-06-07 00:33:18.519+0000 INFO [o.n.k.i.DiagnosticsManager] --- STARTED diagnostics for TRANSACTION_RANGE END ---
2017-06-07 00:33:18.522+0000 INFO [o.n.k.i.DiagnosticsManager] --- STARTED diagnostics for KernelDiagnostics:StoreFiles START ---
2017-06-07 00:33:18.527+0000 INFO [o.n.k.i.DiagnosticsManager] Disk space on partition (Total / Free / Free %): 120154226688 / 12728672256 / 10
Storage files: (filename : modification date - size)
2017-06-07 00:33:18.536+0000 INFO [o.n.k.i.DiagnosticsManager]   index:
2017-06-07 00:33:18.543+0000 INFO [o.n.k.i.DiagnosticsManager]   - Total: 2017-06-07T00:33:16+0000 - 0.00 B
2017-06-07 00:33:18.549+0000 INFO [o.n.k.i.DiagnosticsManager]   neostore: 2017-06-07T00:33:16+0000 - 8.00 kB
2017-06-07 00:33:18.561+0000 INFO [o.n.k.i.DiagnosticsManager]   neostore.counts.db.a: 2017-06-07T00:33:16+0000 - 96.00 B
2017-06-07 00:33:18.567+0000 INFO [o.n.k.i.DiagnosticsManager]   neostore.id: 2017-06-07T00:33:16+0000 - 9.00 B
2017-06-07 00:33:18.571+0000 INFO [o.n.k.i.DiagnosticsManager]   neostore.labelscanstore.db: 2017-06-07T00:33:17+0000 - 40.00 kB
2017-06-07 00:33:18.576+0000 INFO [o.n.k.i.DiagnosticsManager]   neostore.labeltokenstore.db: 2017-06-07T00:33:16+0000 - 0.00 B
2017-06-07 00:33:18.580+0000 INFO [o.n.k.i.DiagnosticsManager]   neostore.labeltokenstore.db.id: 2017-06-07T00:33:16+0000 - 9.00 B
2017-06-07 00:33:18.585+0000 INFO [o.n.k.i.DiagnosticsManager]   neostore.labeltokenstore.db.names: 2017-06-07T00:33:16+0000 - 8.00 kB
2017-06-07 00:33:18.589+0000 INFO [o.n.k.i.DiagnosticsManager]   neostore.labeltokenstore.db.names.id: 2017-06-07T00:33:16+0000 - 9.00 B
2017-06-07 00:33:18.592+0000 INFO [o.n.k.i.DiagnosticsManager]   neostore.nodestore.db: 2017-06-07T00:33:15+0000 - 0.00 B
2017-06-07 00:33:18.595+0000 INFO [o.n.k.i.DiagnosticsManager]   neostore.nodestore.db.id: 2017-06-07T00:33:15+0000 - 9.00 B
2017-06-07 00:33:18.598+0000 INFO [o.n.k.i.DiagnosticsManager]   neostore.nodestore.db.labels: 2017-06-07T00:33:15+0000 - 8.00 kB
2017-06-07 00:33:18.602+0000 INFO [o.n.k.i.DiagnosticsManager]   neostore.nodestore.db.labels.id: 2017-06-07T00:33:15+0000 - 9.00 B
2017-06-07 00:33:18.605+0000 INFO [o.n.k.i.DiagnosticsManager]   neostore.propertystore.db: 2017-06-07T00:33:15+0000 - 0.00 B
2017-06-07 00:33:18.610+0000 INFO [o.n.k.i.DiagnosticsManager]   neostore.propertystore.db.arrays: 2017-06-07T00:33:15+0000 - 8.00 kB
2017-06-07 00:33:18.617+0000 INFO [o.n.k.i.DiagnosticsManager]   neostore.propertystore.db.arrays.id: 2017-06-07T00:33:15+0000 - 9.00 B
2017-06-07 00:33:18.623+0000 INFO [o.n.k.i.DiagnosticsManager]   neostore.propertystore.db.id: 2017-06-07T00:33:15+0000 - 9.00 B
2017-06-07 00:33:18.627+0000 INFO [o.n.k.i.DiagnosticsManager]   neostore.propertystore.db.index: 2017-06-07T00:33:15+0000 - 0.00 B
2017-06-07 00:33:18.631+0000 INFO [o.n.k.i.DiagnosticsManager]   neostore.propertystore.db.index.id: 2017-06-07T00:33:15+0000 - 9.00 B
2017-06-07 00:33:18.635+0000 INFO [o.n.k.i.DiagnosticsManager]   neostore.propertystore.db.index.keys: 2017-06-07T00:33:15+0000 - 8.00 kB
2017-06-07 00:33:18.638+0000 INFO [o.n.k.i.DiagnosticsManager]   neostore.propertystore.db.index.keys.id: 2017-06-07T00:33:15+0000 - 9.00 B
2017-06-07 00:33:18.643+0000 INFO [o.n.k.i.DiagnosticsManager]   neostore.propertystore.db.strings: 2017-06-07T00:33:15+0000 - 8.00 kB
2017-06-07 00:33:18.646+0000 INFO [o.n.k.i.DiagnosticsManager]   neostore.propertystore.db.strings.id: 2017-06-07T00:33:15+0000 - 9.00 B
2017-06-07 00:33:18.650+0000 INFO [o.n.k.i.DiagnosticsManager]   neostore.relationshipgroupstore.db: 2017-06-07T00:33:16+0000 - 8.00 kB
2017-06-07 00:33:18.654+0000 INFO [o.n.k.i.DiagnosticsManager]   neostore.relationshipgroupstore.db.id: 2017-06-07T00:33:16+0000 - 9.00 B
2017-06-07 00:33:18.657+0000 INFO [o.n.k.i.DiagnosticsManager]   neostore.relationshipstore.db: 2017-06-07T00:33:15+0000 - 0.00 B
2017-06-07 00:33:18.662+0000 INFO [o.n.k.i.DiagnosticsManager]   neostore.relationshipstore.db.id: 2017-06-07T00:33:15+0000 - 9.00 B
2017-06-07 00:33:18.667+0000 INFO [o.n.k.i.DiagnosticsManager]   neostore.relationshiptypestore.db: 2017-06-07T00:33:15+0000 - 0.00 B
2017-06-07 00:33:18.671+0000 INFO [o.n.k.i.DiagnosticsManager]   neostore.relationshiptypestore.db.id: 2017-06-07T00:33:16+0000 - 9.00 B
2017-06-07 00:33:18.674+0000 INFO [o.n.k.i.DiagnosticsManager]   neostore.relationshiptypestore.db.names: 2017-06-07T00:33:15+0000 - 8.00 kB
2017-06-07 00:33:18.680+0000 INFO [o.n.k.i.DiagnosticsManager]   neostore.relationshiptypestore.db.names.id: 2017-06-07T00:33:15+0000 - 9.00 B
2017-06-07 00:33:18.683+0000 INFO [o.n.k.i.DiagnosticsManager]   neostore.schemastore.db: 2017-06-07T00:33:16+0000 - 8.00 kB
2017-06-07 00:33:18.686+0000 INFO [o.n.k.i.DiagnosticsManager]   neostore.schemastore.db.id: 2017-06-07T00:33:16+0000 - 9.00 B
2017-06-07 00:33:18.689+0000 INFO [o.n.k.i.DiagnosticsManager]   neostore.transaction.db.0: 2017-06-07T00:33:16+0000 - 16.00 B
2017-06-07 00:33:18.692+0000 INFO [o.n.k.i.DiagnosticsManager]   store_lock: 2017-06-07T00:33:15+0000 - 0.00 B
2017-06-07 00:33:18.693+0000 INFO [o.n.k.i.DiagnosticsManager] --- STARTED diagnostics for KernelDiagnostics:StoreFiles END ---
2017-06-07 00:33:22.963+0000 INFO [o.n.k.i.DiagnosticsManager] --- SERVER STARTED START ---
2017-06-07 00:33:26.483+0000 INFO [o.n.k.i.DiagnosticsManager] --- SERVER STARTED END ---
2017-06-07 00:34:40.955+0000 WARN [o.n.k.i.c.MonitorGc] GC Monitor: Application threads blocked for 1635ms.
2017-06-07 01:20:43.858+0000 INFO [o.n.k.i.f.GraphDatabaseFacadeFactory] Shutdown started
2017-06-07 01:20:43.863+0000 INFO [o.n.k.i.f.GraphDatabaseFacadeFactory] Database is now unavailable
2017-06-07 01:20:43.886+0000 INFO [o.n.k.i.t.l.c.CheckPointerImpl] Check Pointing triggered by database shutdown [1]:  Starting check pointing...
2017-06-07 01:20:43.888+0000 INFO [o.n.k.i.t.l.c.CheckPointerImpl] Check Pointing triggered by database shutdown [1]:  Starting store flush...
2017-06-07 01:20:43.903+0000 INFO [o.n.k.i.t.l.c.CheckPointerImpl] Check Pointing triggered by database shutdown [1]:  Store flush completed
2017-06-07 01:20:43.905+0000 INFO [o.n.k.i.t.l.c.CheckPointerImpl] Check Pointing triggered by database shutdown [1]:  Starting appending check point entry into the tx log...
2017-06-07 01:20:43.912+0000 INFO [o.n.k.i.t.l.c.CheckPointerImpl] Check Pointing triggered by database shutdown [1]:  Appending check point entry into the tx log completed
2017-06-07 01:20:43.915+0000 INFO [o.n.k.i.t.l.c.CheckPointerImpl] Check Pointing triggered by database shutdown [1]:  Check pointing completed
2017-06-07 01:20:43.917+0000 INFO [o.n.k.i.t.l.p.LogPruningImpl] Log Rotation [0]:  Starting log pruning.
2017-06-07 01:20:43.919+0000 INFO [o.n.k.i.t.l.p.LogPruningImpl] Log Rotation [0]:  Log pruning complete.
2017-06-07 01:20:44.014+0000 INFO [o.n.k.i.DiagnosticsManager] --- STOPPING diagnostics START ---
2017-06-07 01:20:44.014+0000 INFO [o.n.k.i.DiagnosticsManager] --- STOPPING diagnostics END ---
2017-06-07 02:12:25.133+0000 WARN [o.n.i.p.PageCache] The dbms.memory.pagecache.size setting has not been configured. It is recommended that this setting is always explicitly configured, to ensure the system has a balanced configuration. Until then, a computed heuristic value of 779657216 bytes will be used instead. 
2017-06-07 02:12:25.483+0000 INFO [o.n.k.i.f.CommunityEditionModule] No locking implementation specified, defaulting to 'community'
2017-06-07 02:12:25.802+0000 INFO [o.n.k.AvailabilityGuard] Requirement makes database unavailable: Database available
2017-06-07 02:12:25.858+0000 INFO [o.n.k.i.DiagnosticsManager] --- INITIALIZED diagnostics START ---
2017-06-07 02:12:25.859+0000 INFO [o.n.k.i.DiagnosticsManager] Neo4j Kernel properties:
2017-06-07 02:12:25.860+0000 INFO [o.n.k.i.DiagnosticsManager] dbms.security.auth_enabled=true
2017-06-07 02:12:25.860+0000 INFO [o.n.k.i.DiagnosticsManager] dbms.directories.import=import
2017-06-07 02:12:25.860+0000 INFO [o.n.k.i.DiagnosticsManager] causal_clustering.raft_advertised_address=be2a354ba5f0:7000
2017-06-07 02:12:25.860+0000 INFO [o.n.k.i.DiagnosticsManager] dbms.memory.heap.initial_size=512M
2017-06-07 02:12:25.860+0000 INFO [o.n.k.i.DiagnosticsManager] ha.host.coordination=be2a354ba5f0:5001
2017-06-07 02:12:25.860+0000 INFO [o.n.k.i.DiagnosticsManager] dbms.jvm.additional=-Dunsupported.dbms.udc.source=tarball
2017-06-07 02:12:25.860+0000 INFO [o.n.k.i.DiagnosticsManager] dbms.tx_log.rotation.retention_policy=100M size
2017-06-07 02:12:25.861+0000 INFO [o.n.k.i.DiagnosticsManager] dbms.windows_service_name=neo4j
2017-06-07 02:12:25.861+0000 INFO [o.n.k.i.DiagnosticsManager] dbms.connector.bolt.listen_address=0.0.0.0:7687
2017-06-07 02:12:25.861+0000 INFO [o.n.k.i.DiagnosticsManager] dbms.connector.bolt.enabled=true
2017-06-07 02:12:25.861+0000 INFO [o.n.k.i.DiagnosticsManager] dbms.connector.http.enabled=true
2017-06-07 02:12:25.861+0000 INFO [o.n.k.i.DiagnosticsManager] causal_clustering.discovery_listen_address=0.0.0.0:5000
2017-06-07 02:12:25.861+0000 INFO [o.n.k.i.DiagnosticsManager] dbms.connector.bolt.type=BOLT
2017-06-07 02:12:25.861+0000 INFO [o.n.k.i.DiagnosticsManager] dbms.connector.http.listen_address=0.0.0.0:7474
2017-06-07 02:12:25.861+0000 INFO [o.n.k.i.DiagnosticsManager] unsupported.dbms.directories.neo4j_home=/var/lib/neo4j
2017-06-07 02:12:25.861+0000 INFO [o.n.k.i.DiagnosticsManager] causal_clustering.raft_listen_address=0.0.0.0:7000
2017-06-07 02:12:25.861+0000 INFO [o.n.k.i.DiagnosticsManager] dbms.connector.https.enabled=true
2017-06-07 02:12:25.861+0000 INFO [o.n.k.i.DiagnosticsManager] dbms.connector.http.type=HTTP
2017-06-07 02:12:25.862+0000 INFO [o.n.k.i.DiagnosticsManager] dbms.memory.heap.max_size=512M
2017-06-07 02:12:25.862+0000 INFO [o.n.k.i.DiagnosticsManager] dbms.connectors.default_listen_address=0.0.0.0
2017-06-07 02:12:25.862+0000 INFO [o.n.k.i.DiagnosticsManager] dbms.connector.https.listen_address=0.0.0.0:7473
2017-06-07 02:12:25.862+0000 INFO [o.n.k.i.DiagnosticsManager] causal_clustering.transaction_advertised_address=be2a354ba5f0:6000
2017-06-07 02:12:25.862+0000 INFO [o.n.k.i.DiagnosticsManager] causal_clustering.discovery_advertised_address=be2a354ba5f0:5000
2017-06-07 02:12:25.862+0000 INFO [o.n.k.i.DiagnosticsManager] dbms.connector.https.type=HTTP
2017-06-07 02:12:25.862+0000 INFO [o.n.k.i.DiagnosticsManager] ha.host.data=be2a354ba5f0:6001
2017-06-07 02:12:25.862+0000 INFO [o.n.k.i.DiagnosticsManager] unsupported.dbms.edition=community
2017-06-07 02:12:25.862+0000 INFO [o.n.k.i.DiagnosticsManager] dbms.directories.logs=/logs
2017-06-07 02:12:25.862+0000 INFO [o.n.k.i.DiagnosticsManager] causal_clustering.transaction_listen_address=0.0.0.0:6000
2017-06-07 02:12:25.862+0000 INFO [o.n.k.i.DiagnosticsManager] wrapper.java.additional=-Dneo4j.ext.udc.source=docker
2017-06-07 02:12:25.863+0000 INFO [o.n.k.i.DiagnosticsManager] Diagnostics providers:
2017-06-07 02:12:25.863+0000 INFO [o.n.k.i.DiagnosticsManager] org.neo4j.kernel.configuration.Config
2017-06-07 02:12:25.863+0000 INFO [o.n.k.i.DiagnosticsManager] org.neo4j.kernel.info.DiagnosticsManager
2017-06-07 02:12:25.863+0000 INFO [o.n.k.i.DiagnosticsManager] SYSTEM_MEMORY
2017-06-07 02:12:25.863+0000 INFO [o.n.k.i.DiagnosticsManager] JAVA_MEMORY
2017-06-07 02:12:25.863+0000 INFO [o.n.k.i.DiagnosticsManager] OPERATING_SYSTEM
2017-06-07 02:12:25.863+0000 INFO [o.n.k.i.DiagnosticsManager] JAVA_VIRTUAL_MACHINE
2017-06-07 02:12:25.863+0000 INFO [o.n.k.i.DiagnosticsManager] CLASSPATH
2017-06-07 02:12:25.863+0000 INFO [o.n.k.i.DiagnosticsManager] LIBRARY_PATH
2017-06-07 02:12:25.863+0000 INFO [o.n.k.i.DiagnosticsManager] SYSTEM_PROPERTIES
2017-06-07 02:12:25.863+0000 INFO [o.n.k.i.DiagnosticsManager] LINUX_SCHEDULERS
2017-06-07 02:12:25.863+0000 INFO [o.n.k.i.DiagnosticsManager] NETWORK
2017-06-07 02:12:25.864+0000 INFO [o.n.k.i.DiagnosticsManager] System memory information:
2017-06-07 02:12:25.873+0000 INFO [o.n.k.i.DiagnosticsManager] Total Physical memory: 1.95 GB
2017-06-07 02:12:25.873+0000 INFO [o.n.k.i.DiagnosticsManager] Free Physical memory: 554.67 MB
2017-06-07 02:12:25.873+0000 INFO [o.n.k.i.DiagnosticsManager] Committed virtual memory: 1.95 GB
2017-06-07 02:12:25.873+0000 INFO [o.n.k.i.DiagnosticsManager] Total swap space: 1024.00 MB
2017-06-07 02:12:25.874+0000 INFO [o.n.k.i.DiagnosticsManager] Free swap space: 1024.00 MB
2017-06-07 02:12:25.874+0000 INFO [o.n.k.i.DiagnosticsManager] JVM memory information:
2017-06-07 02:12:25.874+0000 INFO [o.n.k.i.DiagnosticsManager] Free  memory: 483.66 MB
2017-06-07 02:12:25.874+0000 INFO [o.n.k.i.DiagnosticsManager] Total memory: 512.00 MB
2017-06-07 02:12:25.874+0000 INFO [o.n.k.i.DiagnosticsManager] Max   memory: 512.00 MB
2017-06-07 02:12:25.879+0000 INFO [o.n.k.i.DiagnosticsManager] Garbage Collector: G1 Young Generation: [G1 Eden Space, G1 Survivor Space]
2017-06-07 02:12:25.879+0000 INFO [o.n.k.i.DiagnosticsManager] Garbage Collector: G1 Old Generation: [G1 Eden Space, G1 Survivor Space, G1 Old Gen]
2017-06-07 02:12:25.880+0000 INFO [o.n.k.i.DiagnosticsManager] Memory Pool: Code Cache (Non-heap memory): committed=4.94 MB, used=4.87 MB, max=240.00 MB, threshold=0.00 B
2017-06-07 02:12:25.880+0000 INFO [o.n.k.i.DiagnosticsManager] Memory Pool: Metaspace (Non-heap memory): committed=14.38 MB, used=13.47 MB, max=-1.00 B, threshold=0.00 B
2017-06-07 02:12:25.880+0000 INFO [o.n.k.i.DiagnosticsManager] Memory Pool: Compressed Class Space (Non-heap memory): committed=1.88 MB, used=1.65 MB, max=1.00 GB, threshold=0.00 B
2017-06-07 02:12:25.881+0000 INFO [o.n.k.i.DiagnosticsManager] Memory Pool: G1 Eden Space (Heap memory): committed=23.00 MB, used=18.00 MB, max=-1.00 B, threshold=?
2017-06-07 02:12:25.881+0000 INFO [o.n.k.i.DiagnosticsManager] Memory Pool: G1 Survivor Space (Heap memory): committed=4.00 MB, used=4.00 MB, max=-1.00 B, threshold=?
2017-06-07 02:12:25.881+0000 INFO [o.n.k.i.DiagnosticsManager] Memory Pool: G1 Old Gen (Heap memory): committed=485.00 MB, used=5.34 MB, max=512.00 MB, threshold=0.00 B
2017-06-07 02:12:25.881+0000 INFO [o.n.k.i.DiagnosticsManager] Operating system information:
2017-06-07 02:12:25.882+0000 INFO [o.n.k.i.DiagnosticsManager] Operating System: Linux; version: 4.9.13-moby; arch: amd64; cpus: 2
2017-06-07 02:12:25.882+0000 INFO [o.n.k.i.DiagnosticsManager] Max number of file descriptors: 1048576
2017-06-07 02:12:25.883+0000 INFO [o.n.k.i.DiagnosticsManager] Number of open file descriptors: 99
2017-06-07 02:12:25.886+0000 INFO [o.n.k.i.DiagnosticsManager] Process id: 1@be2a354ba5f0
2017-06-07 02:12:25.886+0000 INFO [o.n.k.i.DiagnosticsManager] Byte order: LITTLE_ENDIAN
2017-06-07 02:12:25.886+0000 INFO [o.n.k.i.DiagnosticsManager] Local timezone: GMT
2017-06-07 02:12:25.887+0000 INFO [o.n.k.i.DiagnosticsManager] JVM information:
2017-06-07 02:12:25.887+0000 INFO [o.n.k.i.DiagnosticsManager] VM Name: OpenJDK 64-Bit Server VM
2017-06-07 02:12:25.887+0000 INFO [o.n.k.i.DiagnosticsManager] VM Vendor: Oracle Corporation
2017-06-07 02:12:25.887+0000 INFO [o.n.k.i.DiagnosticsManager] VM Version: 25.131-b11
2017-06-07 02:12:25.888+0000 INFO [o.n.k.i.DiagnosticsManager] JIT compiler: HotSpot 64-Bit Tiered Compilers
2017-06-07 02:12:25.889+0000 INFO [o.n.k.i.DiagnosticsManager] VM Arguments: [-Xms512M, -Xmx512M, -XX:+UseG1GC, -XX:-OmitStackTraceInFastThrow, -XX:+AlwaysPreTouch, -XX:+UnlockExperimentalVMOptions, -XX:+TrustFinalNonStaticFields, -XX:+DisableExplicitGC, -Djdk.tls.ephemeralDHKeySize=2048, -Dunsupported.dbms.udc.source=tarball, -Dfile.encoding=UTF-8]
2017-06-07 02:12:25.889+0000 INFO [o.n.k.i.DiagnosticsManager] Java classpath:
2017-06-07 02:12:25.905+0000 INFO [o.n.k.i.DiagnosticsManager]  [classpath + loader.0] file:/var/lib/neo4j/lib/jetty-util-9.2.9.v20150224.jar
2017-06-07 02:12:25.907+0000 INFO [o.n.k.i.DiagnosticsManager]  [classpath + loader.0] file:/var/lib/neo4j/lib/neo4j-collections-3.2.1.jar
2017-06-07 02:12:25.907+0000 INFO [o.n.k.i.DiagnosticsManager]  [classpath + loader.0] file:/var/lib/neo4j/lib/neo4j-shell-3.2.1.jar
2017-06-07 02:12:25.907+0000 INFO [o.n.k.i.DiagnosticsManager]  [classpath + loader.0] file:/var/lib/neo4j/lib/jackson-core-asl-1.9.13.jar
2017-06-07 02:12:25.907+0000 INFO [o.n.k.i.DiagnosticsManager]  [loader.1] file:/usr/lib/jvm/java-1.8-openjdk/jre/lib/ext/jaccess.jar
2017-06-07 02:12:25.907+0000 INFO [o.n.k.i.DiagnosticsManager]  [classpath + loader.0] file:/var/lib/neo4j/lib/jetty-server-9.2.9.v20150224.jar
2017-06-07 02:12:25.907+0000 INFO [o.n.k.i.DiagnosticsManager]  [classpath + loader.0] file:/var/lib/neo4j/lib/neo4j-browser-3.0.4.jar
2017-06-07 02:12:25.907+0000 INFO [o.n.k.i.DiagnosticsManager]  [classpath + loader.0] file:/var/lib/neo4j/lib/scala-reflect-2.11.8.jar
2017-06-07 02:12:25.907+0000 INFO [o.n.k.i.DiagnosticsManager]  [classpath + loader.0] file:/var/lib/neo4j/lib/commons-io-2.4.jar
2017-06-07 02:12:25.907+0000 INFO [o.n.k.i.DiagnosticsManager]  [classpath + loader.0] file:/var/lib/neo4j/lib/concurrentlinkedhashmap-lru-1.4.2.jar
2017-06-07 02:12:25.907+0000 INFO [o.n.k.i.DiagnosticsManager]  [classpath + loader.0] file:/var/lib/neo4j/lib/neo4j-dbms-3.2.1.jar
2017-06-07 02:12:25.908+0000 INFO [o.n.k.i.DiagnosticsManager]  [classpath + loader.0] file:/var/lib/neo4j/lib/jetty-io-9.2.9.v20150224.jar
2017-06-07 02:12:25.908+0000 INFO [o.n.k.i.DiagnosticsManager]  [bootstrap] /usr/lib/jvm/java-1.8-openjdk/jre/lib/jce.jar
2017-06-07 02:12:25.908+0000 INFO [o.n.k.i.DiagnosticsManager]  [classpath + loader.0] file:/var/lib/neo4j/lib/neo4j-server-3.2.1.jar
2017-06-07 02:12:25.908+0000 INFO [o.n.k.i.DiagnosticsManager]  [classpath + loader.0] file:/var/lib/neo4j/lib/commons-beanutils-1.8.3.jar
2017-06-07 02:12:25.908+0000 INFO [o.n.k.i.DiagnosticsManager]  [classpath + loader.0] file:/var/lib/neo4j/lib/jersey-core-1.19.jar
2017-06-07 02:12:25.908+0000 INFO [o.n.k.i.DiagnosticsManager]  [classpath + loader.0] file:/var/lib/neo4j/lib/commons-configuration-1.10.jar
2017-06-07 02:12:25.908+0000 INFO [o.n.k.i.DiagnosticsManager]  [classpath + loader.0] file:/var/lib/neo4j/lib/neo4j-lucene-upgrade-3.2.1.jar
2017-06-07 02:12:25.908+0000 INFO [o.n.k.i.DiagnosticsManager]  [classpath + loader.0] file:/var/lib/neo4j/lib/netty-all-4.1.8.Final.jar
2017-06-07 02:12:25.908+0000 INFO [o.n.k.i.DiagnosticsManager]  [loader.1] file:/usr/lib/jvm/java-1.8-openjdk/jre/lib/ext/sunec.jar
2017-06-07 02:12:25.908+0000 INFO [o.n.k.i.DiagnosticsManager]  [classpath + loader.0] file:/var/lib/neo4j/lib/lucene-codecs-5.5.0.jar
2017-06-07 02:12:25.908+0000 INFO [o.n.k.i.DiagnosticsManager]  [bootstrap] /usr/lib/jvm/java-1.8-openjdk/jre/classes
2017-06-07 02:12:25.908+0000 INFO [o.n.k.i.DiagnosticsManager]  [classpath + loader.0] file:/var/lib/neo4j/lib/neo4j-graph-matching-3.1.3.jar
2017-06-07 02:12:25.908+0000 INFO [o.n.k.i.DiagnosticsManager]  [classpath + loader.0] file:/var/lib/neo4j/lib/neo4j-configuration-3.2.1.jar
2017-06-07 02:12:25.908+0000 INFO [o.n.k.i.DiagnosticsManager]  [classpath + loader.0] file:/var/lib/neo4j/lib/bcprov-jdk15on-1.53.jar
2017-06-07 02:12:25.908+0000 INFO [o.n.k.i.DiagnosticsManager]  [classpath + loader.0] file:/var/lib/neo4j/lib/neo4j-logging-3.2.1.jar
2017-06-07 02:12:25.908+0000 INFO [o.n.k.i.DiagnosticsManager]  [classpath + loader.0] file:/var/lib/neo4j/lib/javax.servlet-api-3.1.0.jar
2017-06-07 02:12:25.908+0000 INFO [o.n.k.i.DiagnosticsManager]  [classpath + loader.0] file:/var/lib/neo4j/lib/commons-digester-2.1.jar
2017-06-07 02:12:25.908+0000 INFO [o.n.k.i.DiagnosticsManager]  [bootstrap] /usr/lib/jvm/java-1.8-openjdk/jre/lib/rt.jar
2017-06-07 02:12:25.908+0000 INFO [o.n.k.i.DiagnosticsManager]  [loader.1] file:/usr/lib/jvm/java-1.8-openjdk/jre/lib/ext/localedata.jar
2017-06-07 02:12:25.908+0000 INFO [o.n.k.i.DiagnosticsManager]  [classpath + loader.0] file:/var/lib/neo4j/lib/neo4j-graph-algo-3.2.1.jar
2017-06-07 02:12:25.908+0000 INFO [o.n.k.i.DiagnosticsManager]  [classpath + loader.0] file:/var/lib/neo4j/lib/neo4j-index-3.2.1.jar
2017-06-07 02:12:25.908+0000 INFO [o.n.k.i.DiagnosticsManager]  [classpath + loader.0] file:/var/lib/neo4j/lib/neo4j-graphdb-api-3.2.1.jar
2017-06-07 02:12:25.909+0000 INFO [o.n.k.i.DiagnosticsManager]  [classpath + loader.0] file:/var/lib/neo4j/plugins/
2017-06-07 02:12:25.909+0000 INFO [o.n.k.i.DiagnosticsManager]  [classpath + loader.0] file:/var/lib/neo4j/lib/neo4j-command-line-3.2.1.jar
2017-06-07 02:12:25.909+0000 INFO [o.n.k.i.DiagnosticsManager]  [loader.1] file:/usr/lib/jvm/java-1.8-openjdk/jre/lib/ext/sunjce_provider.jar
2017-06-07 02:12:25.909+0000 INFO [o.n.k.i.DiagnosticsManager]  [classpath + loader.0] file:/var/lib/neo4j/lib/commons-lang-2.6.jar
2017-06-07 02:12:25.909+0000 INFO [o.n.k.i.DiagnosticsManager]  [classpath + loader.0] file:/var/lib/neo4j/lib/jetty-servlet-9.2.9.v20150224.jar
2017-06-07 02:12:25.909+0000 INFO [o.n.k.i.DiagnosticsManager]  [classpath + loader.0] file:/var/lib/neo4j/lib/rhino-1.7R4.jar
2017-06-07 02:12:25.909+0000 INFO [o.n.k.i.DiagnosticsManager]  [classpath + loader.0] file:/var/lib/neo4j/lib/jetty-http-9.2.9.v20150224.jar
2017-06-07 02:12:25.909+0000 INFO [o.n.k.i.DiagnosticsManager]  [classpath + loader.0] file:/var/lib/neo4j/lib/neo4j-io-3.2.1.jar
2017-06-07 02:12:25.909+0000 INFO [o.n.k.i.DiagnosticsManager]  [classpath + loader.0] file:/var/lib/neo4j/lib/commons-lang3-3.3.2.jar
2017-06-07 02:12:25.909+0000 INFO [o.n.k.i.DiagnosticsManager]  [loader.1] file:/usr/lib/jvm/java-1.8-openjdk/jre/lib/ext/nashorn.jar
2017-06-07 02:12:25.909+0000 INFO [o.n.k.i.DiagnosticsManager]  [classpath + loader.0] file:/var/lib/neo4j/lib/lucene-queryparser-5.5.0.jar
2017-06-07 02:12:25.909+0000 INFO [o.n.k.i.DiagnosticsManager]  [classpath + loader.0] file:/var/lib/neo4j/lib/scala-library-2.11.8.jar
2017-06-07 02:12:25.909+0000 INFO [o.n.k.i.DiagnosticsManager]  [classpath + loader.0] file:/var/lib/neo4j/lib/jetty-security-9.2.9.v20150224.jar
2017-06-07 02:12:25.909+0000 INFO [o.n.k.i.DiagnosticsManager]  [loader.1] file:/usr/lib/jvm/java-1.8-openjdk/jre/lib/ext/dnsns.jar
2017-06-07 02:12:25.909+0000 INFO [o.n.k.i.DiagnosticsManager]  [classpath + loader.0] file:/var/lib/neo4j/lib/neo4j-cypher-compiler-2.3-2.3.10.jar
2017-06-07 02:12:25.909+0000 INFO [o.n.k.i.DiagnosticsManager]  [bootstrap] /usr/lib/jvm/java-1.8-openjdk/jre/lib/jfr.jar
2017-06-07 02:12:25.909+0000 INFO [o.n.k.i.DiagnosticsManager]  [classpath + loader.0] file:/var/lib/neo4j/lib/neo4j-codegen-3.2.1.jar
2017-06-07 02:12:25.909+0000 INFO [o.n.k.i.DiagnosticsManager]  [classpath + loader.0] file:/var/lib/neo4j/lib/jline-2.12.jar
2017-06-07 02:12:25.909+0000 INFO [o.n.k.i.DiagnosticsManager]  [classpath + loader.0] file:/var/lib/neo4j/lib/jersey-server-1.19.jar
2017-06-07 02:12:25.910+0000 INFO [o.n.k.i.DiagnosticsManager]  [classpath + loader.0] file:/var/lib/neo4j/lib/asm-5.2.jar
2017-06-07 02:12:25.910+0000 INFO [o.n.k.i.DiagnosticsManager]  [classpath + loader.0] file:/var/lib/neo4j/lib/neo4j-bolt-3.2.1.jar
2017-06-07 02:12:25.910+0000 INFO [o.n.k.i.DiagnosticsManager]  [classpath + loader.0] file:/var/lib/neo4j/conf/
2017-06-07 02:12:25.910+0000 INFO [o.n.k.i.DiagnosticsManager]  [loader.1] file:/usr/lib/jvm/java-1.8-openjdk/jre/lib/ext/sunpkcs11.jar
2017-06-07 02:12:25.910+0000 INFO [o.n.k.i.DiagnosticsManager]  [classpath + loader.0] file:/var/lib/neo4j/lib/neo4j-unsafe-3.2.1.jar
2017-06-07 02:12:25.910+0000 INFO [o.n.k.i.DiagnosticsManager]  [classpath + loader.0] file:/var/lib/neo4j/lib/server-api-3.2.1.jar
2017-06-07 02:12:25.910+0000 INFO [o.n.k.i.DiagnosticsManager]  [classpath + loader.0] file:/var/lib/neo4j/lib/bcpkix-jdk15on-1.53.jar
2017-06-07 02:12:25.910+0000 INFO [o.n.k.i.DiagnosticsManager]  [classpath + loader.0] file:/var/lib/neo4j/lib/commons-compress-1.12.jar
2017-06-07 02:12:25.910+0000 INFO [o.n.k.i.DiagnosticsManager]  [classpath + loader.0] file:/var/lib/neo4j/lib/opencsv-2.3.jar
2017-06-07 02:12:25.910+0000 INFO [o.n.k.i.DiagnosticsManager]  [classpath + loader.0] file:/var/lib/neo4j/lib/neo4j-cypher-3.2.1.jar
2017-06-07 02:12:25.912+0000 INFO [o.n.k.i.DiagnosticsManager]  [classpath + loader.0] file:/var/lib/neo4j/lib/neo4j-kernel-3.2.1.jar
2017-06-07 02:12:25.913+0000 INFO [o.n.k.i.DiagnosticsManager]  [classpath + loader.0] file:/var/lib/neo4j/lib/parboiled-scala_2.11-1.1.7.jar
2017-06-07 02:12:25.913+0000 INFO [o.n.k.i.DiagnosticsManager]  [classpath + loader.0] file:/var/lib/neo4j/lib/jersey-servlet-1.19.jar
2017-06-07 02:12:25.913+0000 INFO [o.n.k.i.DiagnosticsManager]  [classpath + loader.0] file:/var/lib/neo4j/lib/caffeine-2.3.3.jar
2017-06-07 02:12:25.913+0000 INFO [o.n.k.i.DiagnosticsManager]  [classpath + loader.0] file:/var/lib/neo4j/lib/neo4j-cypher-ir-3.2-3.2.1.jar
2017-06-07 02:12:25.913+0000 INFO [o.n.k.i.DiagnosticsManager]  [classpath + loader.0] file:/var/lib/neo4j/lib/lucene-analyzers-common-5.5.0.jar
2017-06-07 02:12:25.913+0000 INFO [o.n.k.i.DiagnosticsManager]  [classpath + loader.0] file:/var/lib/neo4j/lib/neo4j-primitive-collections-3.2.1.jar
2017-06-07 02:12:25.913+0000 INFO [o.n.k.i.DiagnosticsManager]  [classpath + loader.0] file:/var/lib/neo4j/lib/lucene-core-5.5.0.jar
2017-06-07 02:12:25.913+0000 INFO [o.n.k.i.DiagnosticsManager]  [classpath + loader.0] file:/var/lib/neo4j/lib/neo4j-common-3.2.1.jar
2017-06-07 02:12:25.913+0000 INFO [o.n.k.i.DiagnosticsManager]  [bootstrap] /usr/lib/jvm/java-1.8-openjdk/jre/lib/resources.jar
2017-06-07 02:12:25.913+0000 INFO [o.n.k.i.DiagnosticsManager]  [bootstrap] /usr/lib/jvm/java-1.8-openjdk/jre/lib/charsets.jar
2017-06-07 02:12:25.913+0000 INFO [o.n.k.i.DiagnosticsManager]  [classpath + loader.0] file:/var/lib/neo4j/lib/neo4j-csv-3.2.1.jar
2017-06-07 02:12:25.913+0000 INFO [o.n.k.i.DiagnosticsManager]  [classpath + loader.0] file:/var/lib/neo4j/lib/jetty-webapp-9.2.9.v20150224.jar
2017-06-07 02:12:25.913+0000 INFO [o.n.k.i.DiagnosticsManager]  [classpath + loader.0] file:/var/lib/neo4j/lib/neo4j-security-3.2.1.jar
2017-06-07 02:12:25.913+0000 INFO [o.n.k.i.DiagnosticsManager]  [classpath + loader.0] file:/var/lib/neo4j/lib/jackson-mapper-asl-1.9.13.jar
2017-06-07 02:12:25.913+0000 INFO [o.n.k.i.DiagnosticsManager]  [classpath + loader.0] file:/var/lib/neo4j/lib/neo4j-import-tool-3.2.1.jar
2017-06-07 02:12:25.913+0000 INFO [o.n.k.i.DiagnosticsManager]  [classpath + loader.0] file:/var/lib/neo4j/lib/neo4j-cypher-compiler-3.1-3.1.4.jar
2017-06-07 02:12:25.913+0000 INFO [o.n.k.i.DiagnosticsManager]  [classpath + loader.0] file:/var/lib/neo4j/lib/jetty-xml-9.2.9.v20150224.jar
2017-06-07 02:12:25.913+0000 INFO [o.n.k.i.DiagnosticsManager]  [classpath + loader.0] file:/var/lib/neo4j/lib/jackson-jaxrs-1.9.13.jar
2017-06-07 02:12:25.913+0000 INFO [o.n.k.i.DiagnosticsManager]  [loader.1] file:/usr/lib/jvm/java-1.8-openjdk/jre/lib/ext/zipfs.jar
2017-06-07 02:12:25.913+0000 INFO [o.n.k.i.DiagnosticsManager]  [classpath + loader.0] file:/var/lib/neo4j/lib/neo4j-cypher-frontend-3.2-3.2.1.jar
2017-06-07 02:12:25.913+0000 INFO [o.n.k.i.DiagnosticsManager]  [classpath + loader.0] file:/var/lib/neo4j/plugins/*
2017-06-07 02:12:25.913+0000 INFO [o.n.k.i.DiagnosticsManager]  [classpath + loader.0] file:/var/lib/neo4j/lib/neo4j-cypher-frontend-2.3-2.3.10.jar
2017-06-07 02:12:25.914+0000 INFO [o.n.k.i.DiagnosticsManager]  [loader.1] file:/usr/lib/jvm/java-1.8-openjdk/jre/lib/ext/cldrdata.jar
2017-06-07 02:12:25.914+0000 INFO [o.n.k.i.DiagnosticsManager]  [classpath + loader.0] file:/var/lib/neo4j/lib/jsr311-api-1.1.2.r612.jar
2017-06-07 02:12:25.914+0000 INFO [o.n.k.i.DiagnosticsManager]  [classpath + loader.0] file:/var/lib/neo4j/lib/jersey-multipart-1.19.jar
2017-06-07 02:12:25.914+0000 INFO [o.n.k.i.DiagnosticsManager]  [classpath + loader.0] file:/var/lib/neo4j/lib/neo4j-consistency-check-3.2.1.jar
2017-06-07 02:12:25.914+0000 INFO [o.n.k.i.DiagnosticsManager]  [classpath + loader.0] file:/var/lib/neo4j/lib/neo4j-udc-3.2.1.jar
2017-06-07 02:12:25.914+0000 INFO [o.n.k.i.DiagnosticsManager]  [bootstrap] /usr/lib/jvm/java-1.8-openjdk/jre/lib/jsse.jar
2017-06-07 02:12:25.914+0000 INFO [o.n.k.i.DiagnosticsManager]  [bootstrap] /usr/lib/jvm/java-1.8-openjdk/jre/lib/sunrsasign.jar
2017-06-07 02:12:25.914+0000 INFO [o.n.k.i.DiagnosticsManager]  [classpath + loader.0] file:/var/lib/neo4j/lib/neo4j-jmx-3.2.1.jar
2017-06-07 02:12:25.914+0000 INFO [o.n.k.i.DiagnosticsManager]  [classpath + loader.0] file:/var/lib/neo4j/lib/neo4j-cypher-compiler-3.2-3.2.1.jar
2017-06-07 02:12:25.914+0000 INFO [o.n.k.i.DiagnosticsManager]  [classpath + loader.0] file:/var/lib/neo4j/lib/neo4j-resource-3.2.1.jar
2017-06-07 02:12:25.914+0000 INFO [o.n.k.i.DiagnosticsManager]  [classpath + loader.0] file:/var/lib/neo4j/lib/neo4j-cypher-frontend-3.1-3.1.4.jar
2017-06-07 02:12:25.914+0000 INFO [o.n.k.i.DiagnosticsManager]  [classpath + loader.0] file:/var/lib/neo4j/lib/commons-logging-1.1.1.jar
2017-06-07 02:12:25.914+0000 INFO [o.n.k.i.DiagnosticsManager]  [classpath + loader.0] file:/var/lib/neo4j/lib/neo4j-lucene-index-3.2.1.jar
2017-06-07 02:12:25.914+0000 INFO [o.n.k.i.DiagnosticsManager]  [classpath + loader.0] file:/var/lib/neo4j/lib/parboiled-core-1.1.7.jar
2017-06-07 02:12:25.914+0000 INFO [o.n.k.i.DiagnosticsManager]  [classpath + loader.0] file:/var/lib/neo4j/lib/mimepull-1.9.3.jar
2017-06-07 02:12:25.914+0000 INFO [o.n.k.i.DiagnosticsManager] Library path:
2017-06-07 02:12:25.914+0000 INFO [o.n.k.i.DiagnosticsManager] /usr/lib/jvm/java-1.8-openjdk/jre/lib/amd64/server
2017-06-07 02:12:25.914+0000 INFO [o.n.k.i.DiagnosticsManager] /usr/lib/jvm/java-1.8-openjdk/jre/lib/amd64
2017-06-07 02:12:25.914+0000 INFO [o.n.k.i.DiagnosticsManager] /usr/lib/jvm/java-1.8-openjdk/lib/amd64
2017-06-07 02:12:25.915+0000 INFO [o.n.k.i.DiagnosticsManager] /usr/java/packages/lib/amd64
2017-06-07 02:12:25.915+0000 INFO [o.n.k.i.DiagnosticsManager] /usr/lib64
2017-06-07 02:12:25.915+0000 INFO [o.n.k.i.DiagnosticsManager] /lib64
2017-06-07 02:12:25.915+0000 INFO [o.n.k.i.DiagnosticsManager] /lib
2017-06-07 02:12:25.915+0000 INFO [o.n.k.i.DiagnosticsManager] /usr/lib
2017-06-07 02:12:25.915+0000 INFO [o.n.k.i.DiagnosticsManager] System.properties:
2017-06-07 02:12:25.916+0000 INFO [o.n.k.i.DiagnosticsManager] sun.boot.library.path = /usr/lib/jvm/java-1.8-openjdk/jre/lib/amd64
2017-06-07 02:12:25.916+0000 INFO [o.n.k.i.DiagnosticsManager] path.separator = :
2017-06-07 02:12:25.916+0000 INFO [o.n.k.i.DiagnosticsManager] file.encoding.pkg = sun.io
2017-06-07 02:12:25.916+0000 INFO [o.n.k.i.DiagnosticsManager] user.country = US
2017-06-07 02:12:25.916+0000 INFO [o.n.k.i.DiagnosticsManager] sun.java.launcher = SUN_STANDARD
2017-06-07 02:12:25.916+0000 INFO [o.n.k.i.DiagnosticsManager] sun.os.patch.level = unknown
2017-06-07 02:12:25.916+0000 INFO [o.n.k.i.DiagnosticsManager] user.dir = /var/lib/neo4j
2017-06-07 02:12:25.916+0000 INFO [o.n.k.i.DiagnosticsManager] sun.jnu.encoding = UTF-8
2017-06-07 02:12:25.916+0000 INFO [o.n.k.i.DiagnosticsManager] unsupported.dbms.udc.source = tarball
2017-06-07 02:12:25.916+0000 INFO [o.n.k.i.DiagnosticsManager] sun.management.compiler = HotSpot 64-Bit Tiered Compilers
2017-06-07 02:12:25.916+0000 INFO [o.n.k.i.DiagnosticsManager] user.home = /root
2017-06-07 02:12:25.916+0000 INFO [o.n.k.i.DiagnosticsManager] user.timezone = GMT
2017-06-07 02:12:25.916+0000 INFO [o.n.k.i.DiagnosticsManager] file.encoding = UTF-8
2017-06-07 02:12:25.916+0000 INFO [o.n.k.i.DiagnosticsManager] user.name = root
2017-06-07 02:12:25.916+0000 INFO [o.n.k.i.DiagnosticsManager] sun.java.command = org.neo4j.server.CommunityEntryPoint --home-dir=/var/lib/neo4j --config-dir=/var/lib/neo4j/conf
2017-06-07 02:12:25.916+0000 INFO [o.n.k.i.DiagnosticsManager] sun.arch.data.model = 64
2017-06-07 02:12:25.916+0000 INFO [o.n.k.i.DiagnosticsManager] user.language = en
2017-06-07 02:12:25.916+0000 INFO [o.n.k.i.DiagnosticsManager] awt.toolkit = sun.awt.X11.XToolkit
2017-06-07 02:12:25.916+0000 INFO [o.n.k.i.DiagnosticsManager] jdk.tls.ephemeralDHKeySize = 2048
2017-06-07 02:12:25.916+0000 INFO [o.n.k.i.DiagnosticsManager] file.separator = /
2017-06-07 02:12:25.916+0000 INFO [o.n.k.i.DiagnosticsManager] sun.io.unicode.encoding = UnicodeLittle
2017-06-07 02:12:25.916+0000 INFO [o.n.k.i.DiagnosticsManager] sun.cpu.endian = little
2017-06-07 02:12:25.917+0000 INFO [o.n.k.i.DiagnosticsManager] sun.cpu.isalist = 
2017-06-07 02:12:25.917+0000 INFO [o.n.k.i.DiagnosticsManager] Linux scheduler information:
2017-06-07 02:12:25.932+0000 INFO [o.n.k.i.DiagnosticsManager] none
2017-06-07 02:12:25.932+0000 INFO [o.n.k.i.DiagnosticsManager] none
2017-06-07 02:12:25.933+0000 INFO [o.n.k.i.DiagnosticsManager] none
2017-06-07 02:12:25.933+0000 INFO [o.n.k.i.DiagnosticsManager] none
2017-06-07 02:12:25.933+0000 INFO [o.n.k.i.DiagnosticsManager] none
2017-06-07 02:12:25.934+0000 INFO [o.n.k.i.DiagnosticsManager] none
2017-06-07 02:12:25.934+0000 INFO [o.n.k.i.DiagnosticsManager] none
2017-06-07 02:12:25.934+0000 INFO [o.n.k.i.DiagnosticsManager] none
2017-06-07 02:12:25.934+0000 INFO [o.n.k.i.DiagnosticsManager] none
2017-06-07 02:12:25.935+0000 INFO [o.n.k.i.DiagnosticsManager] none
2017-06-07 02:12:25.935+0000 INFO [o.n.k.i.DiagnosticsManager] none
2017-06-07 02:12:25.935+0000 INFO [o.n.k.i.DiagnosticsManager] none
2017-06-07 02:12:25.935+0000 INFO [o.n.k.i.DiagnosticsManager] none
2017-06-07 02:12:25.936+0000 INFO [o.n.k.i.DiagnosticsManager] none
2017-06-07 02:12:25.936+0000 INFO [o.n.k.i.DiagnosticsManager] none
2017-06-07 02:12:25.936+0000 INFO [o.n.k.i.DiagnosticsManager] none
2017-06-07 02:12:25.936+0000 INFO [o.n.k.i.DiagnosticsManager] none
2017-06-07 02:12:25.936+0000 INFO [o.n.k.i.DiagnosticsManager] none
2017-06-07 02:12:25.937+0000 INFO [o.n.k.i.DiagnosticsManager] none
2017-06-07 02:12:25.937+0000 INFO [o.n.k.i.DiagnosticsManager] none
2017-06-07 02:12:25.937+0000 INFO [o.n.k.i.DiagnosticsManager] none
2017-06-07 02:12:25.937+0000 INFO [o.n.k.i.DiagnosticsManager] none
2017-06-07 02:12:25.938+0000 INFO [o.n.k.i.DiagnosticsManager] none
2017-06-07 02:12:25.938+0000 INFO [o.n.k.i.DiagnosticsManager] none
2017-06-07 02:12:25.938+0000 INFO [o.n.k.i.DiagnosticsManager] none
2017-06-07 02:12:25.938+0000 INFO [o.n.k.i.DiagnosticsManager] Network information:
2017-06-07 02:12:25.941+0000 INFO [o.n.k.i.DiagnosticsManager] Interface eth0:
2017-06-07 02:12:25.941+0000 INFO [o.n.k.i.DiagnosticsManager]     address: fe80:0:0:0:42:acff:fe13:2%eth0
2017-06-07 02:12:25.941+0000 INFO [o.n.k.i.DiagnosticsManager]     address: 172.19.0.2
2017-06-07 02:12:25.942+0000 INFO [o.n.k.i.DiagnosticsManager] Interface lo:
2017-06-07 02:12:25.942+0000 INFO [o.n.k.i.DiagnosticsManager]     address: 0:0:0:0:0:0:0:1%lo
2017-06-07 02:12:25.942+0000 INFO [o.n.k.i.DiagnosticsManager]     address: 127.0.0.1
2017-06-07 02:12:25.942+0000 INFO [o.n.k.i.DiagnosticsManager] --- INITIALIZED diagnostics END ---
2017-06-07 02:12:26.478+0000 INFO [o.n.b.v.r.WorkerFactory] Bolt Server extension loaded.
2017-06-07 02:12:26.481+0000 INFO [o.n.b.v.r.WorkerFactory] Bolt enabled on 0.0.0.0:7687.
2017-06-07 02:12:26.771+0000 INFO [o.n.k.i.s.f.RecordFormatSelector] Selected RecordFormat:StandardV3_2[v0.A.8] record format from store /var/lib/neo4j/data/databases/graph.db
2017-06-07 02:12:26.879+0000 INFO [o.n.k.i.s.f.RecordFormatSelector] Selected RecordFormat:StandardV3_2[v0.A.8] record format from store /var/lib/neo4j/data/databases/graph.db
2017-06-07 02:12:26.881+0000 INFO [o.n.k.i.s.f.RecordFormatSelector] Format not configured. Selected format from the store: RecordFormat:StandardV3_2[v0.A.8]
2017-06-07 02:12:27.644+0000 INFO [o.n.k.i.a.i.IndexingService] IndexingService.init: indexes not specifically mentioned above are null
2017-06-07 02:12:27.742+0000 INFO [o.n.k.NeoStoreDataSource] No commits found after last check point (which is at LogPosition{logVersion=0, byteOffset=16})
2017-06-07 02:12:27.752+0000 INFO [o.n.k.i.a.i.IndexingService] IndexingService.start: indexes not specifically mentioned above are null
2017-06-07 02:12:27.765+0000 INFO [o.n.k.i.DatabaseHealth] Database health set to OK
2017-06-07 02:12:28.601+0000 WARN [io.netty.util.internal.MacAddressUtil] Failed to find a usable hardware address from the network interfaces; using random bytes: 26:10:0e:46:41:81:9c:66
2017-06-07 02:12:28.702+0000 INFO [o.n.k.AvailabilityGuard] Fulfilling of requirement makes database available: Database available
2017-06-07 02:12:28.704+0000 INFO [o.n.k.i.f.GraphDatabaseFacadeFactory] Database is now ready
2017-06-07 02:12:28.709+0000 INFO [o.n.k.i.DiagnosticsManager] --- STARTED diagnostics for KernelDiagnostics:Versions START ---
2017-06-07 02:12:28.711+0000 INFO [o.n.k.i.DiagnosticsManager] Graph Database: community single StoreId{creationTime=1496795596281, randomId=-7266233075742562021, storeVersion=15813456178476550, upgradeTime=1496795596281, upgradeId=1}
2017-06-07 02:12:28.713+0000 INFO [o.n.k.i.DiagnosticsManager] Kernel version: 3.2.1,6bfaef081803fd1f82534da6a49efdec251eabe5
2017-06-07 02:12:28.715+0000 INFO [o.n.k.i.DiagnosticsManager] --- STARTED diagnostics for KernelDiagnostics:Versions END ---
2017-06-07 02:12:28.720+0000 INFO [o.n.k.i.DiagnosticsManager] --- STARTED diagnostics for NEO_STORE_VERSIONS START ---
2017-06-07 02:12:28.722+0000 INFO [o.n.k.i.DiagnosticsManager] Store versions:
2017-06-07 02:12:28.724+0000 INFO [o.n.k.i.DiagnosticsManager] Store versions:
2017-06-07 02:12:28.726+0000 INFO [o.n.k.i.DiagnosticsManager]   ArrayPropertyStore v0.A.8
2017-06-07 02:12:28.727+0000 INFO [o.n.k.i.DiagnosticsManager]   NodeStore v0.A.8
2017-06-07 02:12:28.729+0000 INFO [o.n.k.i.DiagnosticsManager]   StringPropertyStore v0.A.8
2017-06-07 02:12:28.731+0000 INFO [o.n.k.i.DiagnosticsManager]   PropertyIndexStore v0.A.8
2017-06-07 02:12:28.733+0000 INFO [o.n.k.i.DiagnosticsManager]   StringPropertyStore v0.A.8
2017-06-07 02:12:28.735+0000 INFO [o.n.k.i.DiagnosticsManager]   ArrayPropertyStore v0.A.8
2017-06-07 02:12:28.737+0000 INFO [o.n.k.i.DiagnosticsManager]   PropertyStore v0.A.8
2017-06-07 02:12:28.739+0000 INFO [o.n.k.i.DiagnosticsManager]   RelationshipStore v0.A.8
2017-06-07 02:12:28.741+0000 INFO [o.n.k.i.DiagnosticsManager]   StringPropertyStore v0.A.8
2017-06-07 02:12:28.742+0000 INFO [o.n.k.i.DiagnosticsManager]   RelationshipTypeStore v0.A.8
2017-06-07 02:12:28.744+0000 INFO [o.n.k.i.DiagnosticsManager]   StringPropertyStore v0.A.8
2017-06-07 02:12:28.746+0000 INFO [o.n.k.i.DiagnosticsManager]   LabelTokenStore v0.A.8
2017-06-07 02:12:28.748+0000 INFO [o.n.k.i.DiagnosticsManager]   SchemaStore v0.A.8
2017-06-07 02:12:28.750+0000 INFO [o.n.k.i.DiagnosticsManager]   RelationshipGroupStore v0.A.8
2017-06-07 02:12:28.751+0000 INFO [o.n.k.i.DiagnosticsManager]   NeoStore v0.A.8
2017-06-07 02:12:28.753+0000 INFO [o.n.k.i.DiagnosticsManager] --- STARTED diagnostics for NEO_STORE_VERSIONS END ---
2017-06-07 02:12:28.755+0000 INFO [o.n.k.i.DiagnosticsManager] --- STARTED diagnostics for NEO_STORE_ID_USAGE START ---
2017-06-07 02:12:28.757+0000 INFO [o.n.k.i.DiagnosticsManager] Id usage:
2017-06-07 02:12:28.758+0000 INFO [o.n.k.i.DiagnosticsManager] Id usage:
2017-06-07 02:12:28.760+0000 INFO [o.n.k.i.DiagnosticsManager]   ArrayPropertyStore: used=1 high=0
2017-06-07 02:12:28.763+0000 INFO [o.n.k.i.DiagnosticsManager]   NodeStore: used=0 high=-1
2017-06-07 02:12:28.765+0000 INFO [o.n.k.i.DiagnosticsManager]   StringPropertyStore: used=1 high=0
2017-06-07 02:12:28.766+0000 INFO [o.n.k.i.DiagnosticsManager]   PropertyIndexStore: used=0 high=-1
2017-06-07 02:12:28.768+0000 INFO [o.n.k.i.DiagnosticsManager]   StringPropertyStore: used=1 high=0
2017-06-07 02:12:28.771+0000 INFO [o.n.k.i.DiagnosticsManager]   ArrayPropertyStore: used=1 high=0
2017-06-07 02:12:28.773+0000 INFO [o.n.k.i.DiagnosticsManager]   PropertyStore: used=0 high=-1
2017-06-07 02:12:28.775+0000 INFO [o.n.k.i.DiagnosticsManager]   RelationshipStore: used=0 high=-1
2017-06-07 02:12:28.777+0000 INFO [o.n.k.i.DiagnosticsManager]   StringPropertyStore: used=1 high=0
2017-06-07 02:12:28.779+0000 INFO [o.n.k.i.DiagnosticsManager]   RelationshipTypeStore: used=0 high=-1
2017-06-07 02:12:28.781+0000 INFO [o.n.k.i.DiagnosticsManager]   StringPropertyStore: used=1 high=0
2017-06-07 02:12:28.783+0000 INFO [o.n.k.i.DiagnosticsManager]   LabelTokenStore: used=0 high=-1
2017-06-07 02:12:28.784+0000 INFO [o.n.k.i.DiagnosticsManager]   SchemaStore: used=1 high=0
2017-06-07 02:12:28.786+0000 INFO [o.n.k.i.DiagnosticsManager]   RelationshipGroupStore: used=1 high=0
2017-06-07 02:12:28.788+0000 INFO [o.n.k.i.DiagnosticsManager]   NeoStore: used=15 high=14
2017-06-07 02:12:28.790+0000 INFO [o.n.k.i.DiagnosticsManager] --- STARTED diagnostics for NEO_STORE_ID_USAGE END ---
2017-06-07 02:12:28.793+0000 INFO [o.n.k.i.DiagnosticsManager] --- STARTED diagnostics for NEO_STORE_RECORDS START ---
2017-06-07 02:12:28.794+0000 INFO [o.n.k.i.DiagnosticsManager] Neostore records:
2017-06-07 02:12:28.798+0000 INFO [o.n.k.i.DiagnosticsManager] TIME (Creation time): 1496795596281
2017-06-07 02:12:28.800+0000 INFO [o.n.k.i.DiagnosticsManager] RANDOM_NUMBER (Random number for store id): -7266233075742562021
2017-06-07 02:12:28.802+0000 INFO [o.n.k.i.DiagnosticsManager] LOG_VERSION (Current log version): 0
2017-06-07 02:12:28.803+0000 INFO [o.n.k.i.DiagnosticsManager] LAST_TRANSACTION_ID (Last committed transaction): 1
2017-06-07 02:12:28.805+0000 INFO [o.n.k.i.DiagnosticsManager] STORE_VERSION (Store format version): 15813456178476550
2017-06-07 02:12:28.807+0000 INFO [o.n.k.i.DiagnosticsManager] FIRST_GRAPH_PROPERTY (First property record containing graph properties): -1
2017-06-07 02:12:28.809+0000 INFO [o.n.k.i.DiagnosticsManager] LAST_CONSTRAINT_TRANSACTION (Last committed transaction containing constraint changes): 0
2017-06-07 02:12:28.811+0000 INFO [o.n.k.i.DiagnosticsManager] UPGRADE_TRANSACTION_ID (Transaction id most recent upgrade was performed at): 1
2017-06-07 02:12:28.813+0000 INFO [o.n.k.i.DiagnosticsManager] UPGRADE_TIME (Time of last upgrade): 1496795596281
2017-06-07 02:12:28.815+0000 INFO [o.n.k.i.DiagnosticsManager] LAST_TRANSACTION_CHECKSUM (Checksum of last committed transaction): 0
2017-06-07 02:12:28.817+0000 INFO [o.n.k.i.DiagnosticsManager] UPGRADE_TRANSACTION_CHECKSUM (Checksum of transaction id the most recent upgrade was performed at): 0
2017-06-07 02:12:28.819+0000 INFO [o.n.k.i.DiagnosticsManager] LAST_CLOSED_TRANSACTION_LOG_VERSION (Log version where the last transaction commit entry has been written into): 0
2017-06-07 02:12:28.821+0000 INFO [o.n.k.i.DiagnosticsManager] LAST_CLOSED_TRANSACTION_LOG_BYTE_OFFSET (Byte offset in the log file where the last transaction commit entry has been written into): 16
2017-06-07 02:12:28.823+0000 INFO [o.n.k.i.DiagnosticsManager] LAST_TRANSACTION_COMMIT_TIMESTAMP (Commit time timestamp for last committed transaction): 0
2017-06-07 02:12:28.825+0000 INFO [o.n.k.i.DiagnosticsManager] UPGRADE_TRANSACTION_COMMIT_TIMESTAMP (Commit timestamp of transaction the most recent upgrade was performed at): 0
2017-06-07 02:12:28.826+0000 INFO [o.n.k.i.DiagnosticsManager] --- STARTED diagnostics for NEO_STORE_RECORDS END ---
2017-06-07 02:12:28.830+0000 INFO [o.n.k.i.DiagnosticsManager] --- STARTED diagnostics for TRANSACTION_RANGE START ---
2017-06-07 02:12:28.832+0000 INFO [o.n.k.i.DiagnosticsManager] Transaction log:
2017-06-07 02:12:28.844+0000 INFO [o.n.k.i.DiagnosticsManager] Oldest transaction 2 found in log with version 0
2017-06-07 02:12:28.846+0000 INFO [o.n.k.i.DiagnosticsManager] --- STARTED diagnostics for TRANSACTION_RANGE END ---
2017-06-07 02:12:28.848+0000 INFO [o.n.k.i.DiagnosticsManager] --- STARTED diagnostics for KernelDiagnostics:StoreFiles START ---
2017-06-07 02:12:28.852+0000 INFO [o.n.k.i.DiagnosticsManager] Disk space on partition (Total / Free / Free %): 120154226688 / 12571516928 / 10
Storage files: (filename : modification date - size)
2017-06-07 02:12:28.889+0000 INFO [o.n.k.i.DiagnosticsManager]   index:
2017-06-07 02:12:28.894+0000 INFO [o.n.k.i.DiagnosticsManager]   - Total: 2017-06-07T00:33:16+0000 - 0.00 B
2017-06-07 02:12:28.897+0000 INFO [o.n.k.i.DiagnosticsManager]   neostore: 2017-06-07T00:33:16+0000 - 8.00 kB
2017-06-07 02:12:28.900+0000 INFO [o.n.k.i.DiagnosticsManager]   neostore.counts.db.a: 2017-06-07T00:33:16+0000 - 96.00 B
2017-06-07 02:12:28.904+0000 INFO [o.n.k.i.DiagnosticsManager]   neostore.id: 2017-06-07T02:12:27+0000 - 9.00 B
2017-06-07 02:12:28.908+0000 INFO [o.n.k.i.DiagnosticsManager]   neostore.labelscanstore.db: 2017-06-07T02:12:28+0000 - 40.00 kB
2017-06-07 02:12:28.911+0000 INFO [o.n.k.i.DiagnosticsManager]   neostore.labeltokenstore.db: 2017-06-07T00:33:16+0000 - 0.00 B
2017-06-07 02:12:28.914+0000 INFO [o.n.k.i.DiagnosticsManager]   neostore.labeltokenstore.db.id: 2017-06-07T02:12:27+0000 - 9.00 B
2017-06-07 02:12:28.917+0000 INFO [o.n.k.i.DiagnosticsManager]   neostore.labeltokenstore.db.names: 2017-06-07T00:33:16+0000 - 8.00 kB
2017-06-07 02:12:28.920+0000 INFO [o.n.k.i.DiagnosticsManager]   neostore.labeltokenstore.db.names.id: 2017-06-07T02:12:27+0000 - 9.00 B
2017-06-07 02:12:28.925+0000 INFO [o.n.k.i.DiagnosticsManager]   neostore.nodestore.db: 2017-06-07T00:33:15+0000 - 0.00 B
2017-06-07 02:12:28.928+0000 INFO [o.n.k.i.DiagnosticsManager]   neostore.nodestore.db.id: 2017-06-07T02:12:26+0000 - 9.00 B
2017-06-07 02:12:28.931+0000 INFO [o.n.k.i.DiagnosticsManager]   neostore.nodestore.db.labels: 2017-06-07T00:33:15+0000 - 8.00 kB
2017-06-07 02:12:28.934+0000 INFO [o.n.k.i.DiagnosticsManager]   neostore.nodestore.db.labels.id: 2017-06-07T02:12:26+0000 - 9.00 B
2017-06-07 02:12:28.937+0000 INFO [o.n.k.i.DiagnosticsManager]   neostore.propertystore.db: 2017-06-07T00:33:15+0000 - 0.00 B
2017-06-07 02:12:28.940+0000 INFO [o.n.k.i.DiagnosticsManager]   neostore.propertystore.db.arrays: 2017-06-07T00:33:15+0000 - 8.00 kB
2017-06-07 02:12:28.945+0000 INFO [o.n.k.i.DiagnosticsManager]   neostore.propertystore.db.arrays.id: 2017-06-07T02:12:27+0000 - 9.00 B
2017-06-07 02:12:28.948+0000 INFO [o.n.k.i.DiagnosticsManager]   neostore.propertystore.db.id: 2017-06-07T02:12:27+0000 - 9.00 B
2017-06-07 02:12:28.951+0000 INFO [o.n.k.i.DiagnosticsManager]   neostore.propertystore.db.index: 2017-06-07T00:33:15+0000 - 0.00 B
2017-06-07 02:12:28.954+0000 INFO [o.n.k.i.DiagnosticsManager]   neostore.propertystore.db.index.id: 2017-06-07T02:12:27+0000 - 9.00 B
2017-06-07 02:12:28.957+0000 INFO [o.n.k.i.DiagnosticsManager]   neostore.propertystore.db.index.keys: 2017-06-07T00:33:15+0000 - 8.00 kB
2017-06-07 02:12:28.960+0000 INFO [o.n.k.i.DiagnosticsManager]   neostore.propertystore.db.index.keys.id: 2017-06-07T02:12:27+0000 - 9.00 B
2017-06-07 02:12:28.964+0000 INFO [o.n.k.i.DiagnosticsManager]   neostore.propertystore.db.strings: 2017-06-07T00:33:15+0000 - 8.00 kB
2017-06-07 02:12:28.970+0000 INFO [o.n.k.i.DiagnosticsManager]   neostore.propertystore.db.strings.id: 2017-06-07T02:12:27+0000 - 9.00 B
2017-06-07 02:12:28.973+0000 INFO [o.n.k.i.DiagnosticsManager]   neostore.relationshipgroupstore.db: 2017-06-07T00:33:16+0000 - 8.00 kB
2017-06-07 02:12:28.976+0000 INFO [o.n.k.i.DiagnosticsManager]   neostore.relationshipgroupstore.db.id: 2017-06-07T02:12:27+0000 - 9.00 B
2017-06-07 02:12:28.979+0000 INFO [o.n.k.i.DiagnosticsManager]   neostore.relationshipstore.db: 2017-06-07T00:33:15+0000 - 0.00 B
2017-06-07 02:12:28.984+0000 INFO [o.n.k.i.DiagnosticsManager]   neostore.relationshipstore.db.id: 2017-06-07T02:12:27+0000 - 9.00 B
2017-06-07 02:12:28.987+0000 INFO [o.n.k.i.DiagnosticsManager]   neostore.relationshiptypestore.db: 2017-06-07T00:33:15+0000 - 0.00 B
2017-06-07 02:12:28.990+0000 INFO [o.n.k.i.DiagnosticsManager]   neostore.relationshiptypestore.db.id: 2017-06-07T02:12:27+0000 - 9.00 B
2017-06-07 02:12:28.994+0000 INFO [o.n.k.i.DiagnosticsManager]   neostore.relationshiptypestore.db.names: 2017-06-07T00:33:15+0000 - 8.00 kB
2017-06-07 02:12:28.997+0000 INFO [o.n.k.i.DiagnosticsManager]   neostore.relationshiptypestore.db.names.id: 2017-06-07T02:12:27+0000 - 9.00 B
2017-06-07 02:12:29.000+0000 INFO [o.n.k.i.DiagnosticsManager]   neostore.schemastore.db: 2017-06-07T00:33:16+0000 - 8.00 kB
2017-06-07 02:12:29.005+0000 INFO [o.n.k.i.DiagnosticsManager]   neostore.schemastore.db.id: 2017-06-07T02:12:27+0000 - 9.00 B
2017-06-07 02:12:29.008+0000 INFO [o.n.k.i.DiagnosticsManager]   neostore.transaction.db.0: 2017-06-07T01:20:43+0000 - 34.00 B
2017-06-07 02:12:29.011+0000 INFO [o.n.k.i.DiagnosticsManager]   store_lock: 2017-06-07T00:33:15+0000 - 0.00 B
2017-06-07 02:12:29.013+0000 INFO [o.n.k.i.DiagnosticsManager] --- STARTED diagnostics for KernelDiagnostics:StoreFiles END ---
2017-06-07 02:12:31.989+0000 INFO [o.n.k.i.DiagnosticsManager] --- SERVER STARTED START ---
2017-06-07 02:12:34.095+0000 INFO [o.n.k.i.DiagnosticsManager] --- SERVER STARTED END ---
2017-06-07 02:12:45.651+0000 INFO [o.n.k.i.f.GraphDatabaseFacadeFactory] Shutdown started
2017-06-07 02:12:45.662+0000 INFO [o.n.k.i.f.GraphDatabaseFacadeFactory] Database is now unavailable
2017-06-07 02:12:45.682+0000 INFO [o.n.k.i.t.l.c.CheckPointerImpl] Check Pointing triggered by database shutdown [1]:  Starting check pointing...
2017-06-07 02:12:45.684+0000 INFO [o.n.k.i.t.l.c.CheckPointerImpl] Check Pointing triggered by database shutdown [1]:  Starting store flush...
2017-06-07 02:12:45.698+0000 INFO [o.n.k.i.t.l.c.CheckPointerImpl] Check Pointing triggered by database shutdown [1]:  Store flush completed
2017-06-07 02:12:45.700+0000 INFO [o.n.k.i.t.l.c.CheckPointerImpl] Check Pointing triggered by database shutdown [1]:  Starting appending check point entry into the tx log...
2017-06-07 02:12:45.715+0000 INFO [o.n.k.i.t.l.c.CheckPointerImpl] Check Pointing triggered by database shutdown [1]:  Appending check point entry into the tx log completed
2017-06-07 02:12:45.717+0000 INFO [o.n.k.i.t.l.c.CheckPointerImpl] Check Pointing triggered by database shutdown [1]:  Check pointing completed
2017-06-07 02:12:45.718+0000 INFO [o.n.k.i.t.l.p.LogPruningImpl] Log Rotation [0]:  Starting log pruning.
2017-06-07 02:12:45.720+0000 INFO [o.n.k.i.t.l.p.LogPruningImpl] Log Rotation [0]:  Log pruning complete.
2017-06-07 02:12:45.792+0000 INFO [o.n.k.i.DiagnosticsManager] --- STOPPING diagnostics START ---
2017-06-07 02:12:45.792+0000 INFO [o.n.k.i.DiagnosticsManager] --- STOPPING diagnostics END ---
